"../../../Engine/Content/EditorResources/S_Actor.ubulk" 0
"../../../Engine/Content/EditorResources/S_Actor.uasset" 1
"../../../Engine/Content/EditorResources/S_Actor.uexp" 2
"../../../Engine/Content/EditorResources/S_BoxReflectionCapture.uasset" 3
"../../../Engine/Content/EditorResources/S_BoxReflectionCapture.uexp" 4
"../../../Engine/Content/EngineResources/DefaultTexture.ubulk" 5
"../../../Engine/Content/EngineResources/DefaultTexture.uasset" 6
"../../../Engine/Content/EngineResources/DefaultTexture.uexp" 7
"../../../Engine/Content/EngineResources/DefaultTextureCube.uasset" 8
"../../../Engine/Content/EngineResources/DefaultTextureCube.uexp" 9
"../../../Engine/Content/EngineResources/DefaultVolumeTexture2D.uasset" 10
"../../../Engine/Content/EngineResources/DefaultVolumeTexture2D.uexp" 11
"../../../Engine/Content/EngineResources/DefaultVolumeTexture.uasset" 12
"../../../Engine/Content/EngineResources/DefaultVolumeTexture.uexp" 13
"../../../Engine/Content/EditorResources/S_Trigger.ubulk" 14
"../../../Engine/Content/EditorResources/S_Trigger.uasset" 15
"../../../Engine/Content/EditorResources/S_Trigger.uexp" 16
"../../../Engine/Content/EditorResources/S_TriggerBox.uasset" 17
"../../../Engine/Content/EditorResources/S_TriggerBox.uexp" 18
"../../../Engine/Content/EditorResources/S_TriggerCapsule.uasset" 19
"../../../Engine/Content/EditorResources/S_TriggerCapsule.uexp" 20
"../../../Engine/Content/EditorResources/S_TriggerSphere.uasset" 21
"../../../Engine/Content/EditorResources/S_TriggerSphere.uexp" 22
"../../../Engine/Content/EngineMeshes/Sphere.uasset" 23
"../../../Engine/Content/EngineMeshes/Sphere.uexp" 24
"../../../Engine/Content/EngineResources/GradientTexture0.uasset" 25
"../../../Engine/Content/EngineResources/GradientTexture0.uexp" 26
"../../../Engine/Content/EngineResources/Black.uasset" 27
"../../../Engine/Content/EngineResources/Black.uexp" 28
"../../../Engine/Content/VREditor/LaserPointer/VR_LaserPower_01.ubulk" 29
"../../../Engine/Content/VREditor/LaserPointer/VR_LaserPower_01.uasset" 30
"../../../Engine/Content/VREditor/LaserPointer/VR_LaserPower_01.uexp" 31
"../../../Engine/Content/VREditor/TransformGizmo/TransformGizmoMaterial.uasset" 32
"../../../Engine/Content/VREditor/TransformGizmo/TransformGizmoMaterial.uexp" 33
"../../../Engine/Content/VREditor/TransformGizmo/TranslucentTransformGizmoMaterial.uasset" 34
"../../../Engine/Content/VREditor/TransformGizmo/TranslucentTransformGizmoMaterial.uexp" 35
"../../../Engine/Content/VREditor/TransformGizmo/BoundingBoxCorner.uasset" 36
"../../../Engine/Content/VREditor/TransformGizmo/BoundingBoxCorner.uexp" 37
"../../../Engine/Content/VREditor/TransformGizmo/BoundingBoxEdge.uasset" 38
"../../../Engine/Content/VREditor/TransformGizmo/BoundingBoxEdge.uexp" 39
"../../../Engine/Content/VREditor/TransformGizmo/Main.uasset" 40
"../../../Engine/Content/VREditor/TransformGizmo/Main.uexp" 41
"../../../Engine/Content/VREditor/TransformGizmo/Xray.uasset" 42
"../../../Engine/Content/VREditor/TransformGizmo/Xray.uexp" 43
"../../../Engine/Content/VREditor/TransformGizmo/SM_Sequencer_Node.uasset" 44
"../../../Engine/Content/VREditor/TransformGizmo/SM_Sequencer_Node.uexp" 45
"../../../Engine/Content/EditorResources/S_Solver.ubulk" 46
"../../../Engine/Content/EditorResources/S_Solver.uasset" 47
"../../../Engine/Content/EditorResources/S_Solver.uexp" 48
"../../../Engine/Content/EditorMaterials/Camera/CineMat.uasset" 49
"../../../Engine/Content/EditorMaterials/Camera/CineMat.uexp" 50
"../../../Engine/Content/EditorMaterials/Camera/MI_CineMat_Rig.uasset" 51
"../../../Engine/Content/EditorMaterials/Camera/MI_CineMat_Rig.uexp" 52
"../../../Engine/Content/EditorMeshes/Camera/SM_CraneRig_Base.uasset" 53
"../../../Engine/Content/EditorMeshes/Camera/SM_CraneRig_Base.uexp" 54
"../../../Engine/Content/EditorMeshes/Camera/SM_CraneRig_Arm.uasset" 55
"../../../Engine/Content/EditorMeshes/Camera/SM_CraneRig_Arm.uexp" 56
"../../../Engine/Content/EditorMeshes/Camera/SM_CraneRig_Mount.uasset" 57
"../../../Engine/Content/EditorMeshes/Camera/SM_CraneRig_Mount.uexp" 58
"../../../Engine/Content/EditorMeshes/Camera/SM_CraneRig_Body.uasset" 59
"../../../Engine/Content/EditorMeshes/Camera/SM_CraneRig_Body.uexp" 60
"../../../Engine/Content/EditorMeshes/Camera/SM_RailRig_Track.uasset" 61
"../../../Engine/Content/EditorMeshes/Camera/SM_RailRig_Track.uexp" 62
"../../../Engine/Content/EditorMeshes/Camera/SM_RailRig_Mount.uasset" 63
"../../../Engine/Content/EditorMeshes/Camera/SM_RailRig_Mount.uexp" 64
"../../../Engine/Content/EngineMaterials/T_Default_Material_Grid_M.ubulk" 65
"../../../Engine/Content/EngineMaterials/T_Default_Material_Grid_M.uasset" 66
"../../../Engine/Content/EngineMaterials/T_Default_Material_Grid_M.uexp" 67
"../../../Engine/Content/EngineMaterials/T_Default_Material_Grid_N.ubulk" 68
"../../../Engine/Content/EngineMaterials/T_Default_Material_Grid_N.uasset" 69
"../../../Engine/Content/EngineMaterials/T_Default_Material_Grid_N.uexp" 70
"../../../Engine/Content/Functions/Engine_MaterialFunctions01/Opacity/CameraDepthFade.uasset" 71
"../../../Engine/Content/Functions/Engine_MaterialFunctions01/Opacity/CameraDepthFade.uexp" 72
"../../../Engine/Content/EngineMaterials/WorldGridMaterial.uasset" 73
"../../../Engine/Content/EngineMaterials/WorldGridMaterial.uexp" 74
"../../../Engine/Content/ArtTools/RenderToTexture/Meshes/S_1_Unit_Plane.uasset" 75
"../../../Engine/Content/ArtTools/RenderToTexture/Meshes/S_1_Unit_Plane.uexp" 76
"../../../Engine/Content/EditorMaterials/ParticleSystems/PSysThumbnail_NoImage.ubulk" 77
"../../../Engine/Content/EditorMaterials/ParticleSystems/PSysThumbnail_NoImage.uasset" 78
"../../../Engine/Content/EditorMaterials/ParticleSystems/PSysThumbnail_NoImage.uexp" 79
"../../../Engine/Content/EditorMaterials/ParticleSystems/PSysThumbnail_OOD.ubulk" 80
"../../../Engine/Content/EditorMaterials/ParticleSystems/PSysThumbnail_OOD.uasset" 81
"../../../Engine/Content/EditorMaterials/ParticleSystems/PSysThumbnail_OOD.uexp" 82
"../../../Engine/Content/EditorLandscapeResources/SplineEditorMeshMat.uasset" 83
"../../../Engine/Content/EditorLandscapeResources/SplineEditorMeshMat.uexp" 84
"../../../Engine/Content/EditorLandscapeResources/SplineEditorMesh.uasset" 85
"../../../Engine/Content/EditorLandscapeResources/SplineEditorMesh.uexp" 86
"../../../Engine/Plugins/Media/MediaPlate/Content/SM_MediaPlateScreen.uasset" 87
"../../../Engine/Plugins/Media/MediaPlate/Content/SM_MediaPlateScreen.uexp" 88
"../../../Engine/Content/EngineMaterials/DefaultBokeh.uasset" 89
"../../../Engine/Content/EngineMaterials/DefaultBokeh.uexp" 90
"../../../Engine/Content/EngineMaterials/MiniFont.uasset" 91
"../../../Engine/Content/EngineMaterials/MiniFont.uexp" 92
"../../../Engine/Content/EngineMaterials/WeightMapPlaceholderTexture.uasset" 93
"../../../Engine/Content/EngineMaterials/WeightMapPlaceholderTexture.uexp" 94
"../../../Engine/Content/EngineMaterials/WeightMapArrayPlaceholderTexture.uasset" 95
"../../../Engine/Content/EngineMaterials/WeightMapArrayPlaceholderTexture.uexp" 96
"../../../Engine/Content/EngineMaterials/DefaultWhiteGrid.ubulk" 97
"../../../Engine/Content/EngineMaterials/DefaultWhiteGrid.uasset" 98
"../../../Engine/Content/EngineMaterials/DefaultWhiteGrid.uexp" 99
"../../../Engine/Content/EngineMaterials/PreintegratedSkinBRDF.uasset" 100
"../../../Engine/Content/EngineMaterials/PreintegratedSkinBRDF.uexp" 101
"../../../Engine/Content/Functions/Engine_MaterialFunctions02/WorldPositionOffset/CameraOffset.uasset" 102
"../../../Engine/Content/Functions/Engine_MaterialFunctions02/WorldPositionOffset/CameraOffset.uexp" 103
"../../../Engine/Plugins/Animation/ControlRig/Content/M_Manip.uasset" 104
"../../../Engine/Plugins/Animation/ControlRig/Content/M_Manip.uexp" 105
"../../../Engine/Plugins/Animation/ACLPlugin/Content/ACLAnimCurveCompressionSettings.uasset" 106
"../../../Engine/Plugins/Animation/ACLPlugin/Content/ACLAnimCurveCompressionSettings.uexp" 107
"../../../Engine/Plugins/Animation/ACLPlugin/Content/ACLAnimBoneCompressionSettings.uasset" 108
"../../../Engine/Plugins/Animation/ACLPlugin/Content/ACLAnimBoneCompressionSettings.uexp" 109
"../../../Engine/Plugins/2D/Paper2D/Content/PlaceholderTextures/DummySpriteTexture.ubulk" 110
"../../../Engine/Plugins/2D/Paper2D/Content/PlaceholderTextures/DummySpriteTexture.uasset" 111
"../../../Engine/Plugins/2D/Paper2D/Content/PlaceholderTextures/DummySpriteTexture.uexp" 112
"../../../Engine/Plugins/2D/Paper2D/Content/DefaultSpriteMaterial.uasset" 113
"../../../Engine/Plugins/2D/Paper2D/Content/DefaultSpriteMaterial.uexp" 114
"../../../Engine/Plugins/2D/Paper2D/Content/OpaqueUnlitSpriteMaterial.uasset" 115
"../../../Engine/Plugins/2D/Paper2D/Content/OpaqueUnlitSpriteMaterial.uexp" 116
"../../../Engine/Plugins/2D/Paper2D/Content/MaskedUnlitSpriteMaterial.uasset" 117
"../../../Engine/Plugins/2D/Paper2D/Content/MaskedUnlitSpriteMaterial.uexp" 118
"../../../Engine/Plugins/2D/Paper2D/Content/DummySprite.uasset" 119
"../../../Engine/Plugins/2D/Paper2D/Content/DummySprite.uexp" 120
"../../../Engine/Plugins/2D/Paper2D/Content/DefaultPaperTerrainMaterial.uasset" 121
"../../../Engine/Plugins/2D/Paper2D/Content/DefaultPaperTerrainMaterial.uexp" 122
"../../../Engine/Content/EngineMaterials/DefaultMaterial.uasset" 123
"../../../Engine/Content/EngineMaterials/DefaultMaterial.uexp" 124
"../../../Engine/Content/BasicShapes/Sphere.uasset" 125
"../../../Engine/Content/BasicShapes/Sphere.uexp" 126
"../../../Engine/Content/BasicShapes/Plane.uasset" 127
"../../../Engine/Content/BasicShapes/Plane.uexp" 128
"../../../Engine/Content/BasicShapes/Cylinder.uasset" 129
"../../../Engine/Content/BasicShapes/Cylinder.uexp" 130
"../../../Engine/Content/BasicShapes/Cone.uasset" 131
"../../../Engine/Content/BasicShapes/Cone.uexp" 132
"../../../Engine/Content/BasicShapes/BasicShapeMaterial.uasset" 133
"../../../Engine/Content/BasicShapes/BasicShapeMaterial.uexp" 134
"../../../Engine/Content/Animation/DefaultVariableFrameStrippingSettings.uasset" 135
"../../../Engine/Content/Animation/DefaultVariableFrameStrippingSettings.uexp" 136
"../../../Engine/Content/Animation/DefaultRecorderBoneCompression.uasset" 137
"../../../Engine/Content/Animation/DefaultRecorderBoneCompression.uexp" 138
"../../../Engine/Plugins/Runtime/MeshModelingToolset/Content/Materials/M_DynamicMeshComponentVtxColor.uasset" 139
"../../../Engine/Plugins/Runtime/MeshModelingToolset/Content/Materials/M_DynamicMeshComponentVtxColor.uexp" 140
"../../../Engine/Plugins/Interchange/Runtime/Content/Pipelines/DefaultTexturePipeline.uasset" 141
"../../../Engine/Plugins/Interchange/Runtime/Content/Pipelines/DefaultTexturePipeline.uexp" 142
"../../../Engine/Plugins/Interchange/Runtime/Content/Pipelines/DefaultSceneLevelPipeline.uasset" 143
"../../../Engine/Plugins/Interchange/Runtime/Content/Pipelines/DefaultSceneLevelPipeline.uexp" 144
"../../../Engine/Plugins/Interchange/Runtime/Content/Pipelines/DefaultSceneAssetsPipeline.uasset" 145
"../../../Engine/Plugins/Interchange/Runtime/Content/Pipelines/DefaultSceneAssetsPipeline.uexp" 146
"../../../Engine/Plugins/Interchange/Runtime/Content/Pipelines/DefaultMaterialXPipeline.uasset" 147
"../../../Engine/Plugins/Interchange/Runtime/Content/Pipelines/DefaultMaterialXPipeline.uexp" 148
"../../../Engine/Plugins/Interchange/Runtime/Content/Pipelines/DefaultMaterialPipeline.uasset" 149
"../../../Engine/Plugins/Interchange/Runtime/Content/Pipelines/DefaultMaterialPipeline.uexp" 150
"../../../Engine/Plugins/Interchange/Runtime/Content/Pipelines/DefaultGLTFSceneAssetsPipeline.uasset" 151
"../../../Engine/Plugins/Interchange/Runtime/Content/Pipelines/DefaultGLTFSceneAssetsPipeline.uexp" 152
"../../../Engine/Plugins/Interchange/Runtime/Content/Pipelines/DefaultGLTFPipeline.uasset" 153
"../../../Engine/Plugins/Interchange/Runtime/Content/Pipelines/DefaultGLTFPipeline.uexp" 154
"../../../Engine/Plugins/Interchange/Runtime/Content/Pipelines/DefaultGLTFAssetsPipeline.uasset" 155
"../../../Engine/Plugins/Interchange/Runtime/Content/Pipelines/DefaultGLTFAssetsPipeline.uexp" 156
"../../../Engine/Plugins/Interchange/Runtime/Content/Pipelines/DefaultAssetsPipeline.uasset" 157
"../../../Engine/Plugins/Interchange/Runtime/Content/Pipelines/DefaultAssetsPipeline.uexp" 158
"../../../Engine/Plugins/Interchange/Runtime/Content/Functions/MX_UsdPreviewSurface.uasset" 159
"../../../Engine/Plugins/Interchange/Runtime/Content/Functions/MX_UsdPreviewSurface.uexp" 160
"../../../Engine/Plugins/Interchange/Runtime/Content/Functions/MX_UniformEDF.uasset" 161
"../../../Engine/Plugins/Interchange/Runtime/Content/Functions/MX_UniformEDF.uexp" 162
"../../../Engine/Plugins/Interchange/Runtime/Content/Functions/MX_TranslucentBSDF.uasset" 163
"../../../Engine/Plugins/Interchange/Runtime/Content/Functions/MX_TranslucentBSDF.uexp" 164
"../../../Engine/Plugins/Interchange/Runtime/Content/Functions/MX_ThinFilmBSDF.uasset" 165
"../../../Engine/Plugins/Interchange/Runtime/Content/Functions/MX_ThinFilmBSDF.uexp" 166
"../../../Engine/Plugins/Interchange/Runtime/Content/Functions/MX_SurfaceUnlit.uasset" 167
"../../../Engine/Plugins/Interchange/Runtime/Content/Functions/MX_SurfaceUnlit.uexp" 168
"../../../Engine/Plugins/Interchange/Runtime/Content/Functions/MX_Surface.uasset" 169
"../../../Engine/Plugins/Interchange/Runtime/Content/Functions/MX_Surface.uexp" 170
"../../../Engine/Plugins/Interchange/Runtime/Content/Functions/MX_SubsurfaceBSDF.uasset" 171
"../../../Engine/Plugins/Interchange/Runtime/Content/Functions/MX_SubsurfaceBSDF.uexp" 172
"../../../Engine/Plugins/Interchange/Runtime/Content/Functions/MX_SheenBSDF.uasset" 173
"../../../Engine/Plugins/Interchange/Runtime/Content/Functions/MX_SheenBSDF.uexp" 174
"../../../Engine/Plugins/Interchange/Runtime/Content/Functions/MX_OrenNayarBSDF.uasset" 175
"../../../Engine/Plugins/Interchange/Runtime/Content/Functions/MX_OrenNayarBSDF.uexp" 176
"../../../Engine/Content/Functions/Engine_MaterialFunctions02/Utility/CameraDirectionVector.uasset" 177
"../../../Engine/Content/Functions/Engine_MaterialFunctions02/Utility/CameraDirectionVector.uexp" 178
"../../../Engine/Content/Functions/Engine_MaterialFunctions01/Volumetrics/BeersLaw.uasset" 179
"../../../Engine/Content/Functions/Engine_MaterialFunctions01/Volumetrics/BeersLaw.uexp" 180
"../../../Engine/Content/EngineMaterials/Good64x64TilingNoiseHighFreq.uasset" 181
"../../../Engine/Content/EngineMaterials/Good64x64TilingNoiseHighFreq.uexp" 182
"../../../Engine/Content/Functions/Engine_MaterialFunctions02/Texturing/ScreenAlignedPixelToPixelUVs.uasset" 183
"../../../Engine/Content/Functions/Engine_MaterialFunctions02/Texturing/ScreenAlignedPixelToPixelUVs.uexp" 184
"../../../Engine/Plugins/Interchange/Runtime/Content/gltf/MaterialFunctions/MF_Temporal_Blur.uasset" 185
"../../../Engine/Plugins/Interchange/Runtime/Content/gltf/MaterialFunctions/MF_Temporal_Blur.uexp" 186
"../../../Engine/Plugins/Interchange/Runtime/Content/gltf/MaterialFunctions/MF_Fresnel_DS.uasset" 187
"../../../Engine/Plugins/Interchange/Runtime/Content/gltf/MaterialFunctions/MF_Fresnel_DS.uexp" 188
"../../../Engine/Content/Functions/Engine_MaterialFunctions02/Utility/BreakOutFloat3Components.uasset" 189
"../../../Engine/Content/Functions/Engine_MaterialFunctions02/Utility/BreakOutFloat3Components.uexp" 190
"../../../Engine/Plugins/Interchange/Runtime/Content/Functions/MX_Transmission.uasset" 191
"../../../Engine/Plugins/Interchange/Runtime/Content/Functions/MX_Transmission.uexp" 192
"../../../Engine/Plugins/Interchange/Runtime/Content/Functions/MF_OrenNayerView.uasset" 193
"../../../Engine/Plugins/Interchange/Runtime/Content/Functions/MF_OrenNayerView.uexp" 194
"../../../Engine/Plugins/Interchange/Runtime/Content/Functions/MF_SchlickApprox.uasset" 195
"../../../Engine/Plugins/Interchange/Runtime/Content/Functions/MF_SchlickApprox.uexp" 196
"../../../Engine/Plugins/Interchange/Runtime/Content/Utilities/New_LUT.uasset" 197
"../../../Engine/Plugins/Interchange/Runtime/Content/Utilities/New_LUT.uexp" 198
"../../../Engine/Content/Functions/Engine_MaterialFunctions03/Math/RemapValueRange.uasset" 199
"../../../Engine/Content/Functions/Engine_MaterialFunctions03/Math/RemapValueRange.uexp" 200
"../../../Engine/Plugins/Interchange/Runtime/Content/Functions/MF_Iridescence.uasset" 201
"../../../Engine/Plugins/Interchange/Runtime/Content/Functions/MF_Iridescence.uexp" 202
"../../../Engine/Plugins/Interchange/Runtime/Content/Functions/MX_StandardSurface.uasset" 203
"../../../Engine/Plugins/Interchange/Runtime/Content/Functions/MX_StandardSurface.uexp" 204
"../../../Engine/Plugins/Interchange/Runtime/Content/Functions/MX_TransmissionSurface.uasset" 205
"../../../Engine/Plugins/Interchange/Runtime/Content/Functions/MX_TransmissionSurface.uexp" 206
"../../../Engine/Plugins/Interchange/Runtime/Content/Functions/MX_OpenPBR_Translucent.uasset" 207
"../../../Engine/Plugins/Interchange/Runtime/Content/Functions/MX_OpenPBR_Translucent.uexp" 208
"../../../Engine/Plugins/Interchange/Runtime/Content/Functions/MX_OpenPBR_Opaque.uasset" 209
"../../../Engine/Plugins/Interchange/Runtime/Content/Functions/MX_OpenPBR_Opaque.uexp" 210
"../../../Engine/Plugins/Interchange/Runtime/Content/Functions/MX_MeasuredEDF.uasset" 211
"../../../Engine/Plugins/Interchange/Runtime/Content/Functions/MX_MeasuredEDF.uexp" 212
"../../../Engine/Plugins/Interchange/Runtime/Content/Functions/MX_GeneralizedSchlickBSDF.uasset" 213
"../../../Engine/Plugins/Interchange/Runtime/Content/Functions/MX_GeneralizedSchlickBSDF.uexp" 214
"../../../Engine/Plugins/Interchange/Runtime/Content/Functions/MX_DielectricBSDF.uasset" 215
"../../../Engine/Plugins/Interchange/Runtime/Content/Functions/MX_DielectricBSDF.uexp" 216
"../../../Engine/Plugins/Interchange/Runtime/Content/Functions/MX_ConicalEDF.uasset" 217
"../../../Engine/Plugins/Interchange/Runtime/Content/Functions/MX_ConicalEDF.uexp" 218
"../../../Engine/Plugins/Interchange/Runtime/Content/Functions/MX_ConductorBSDF.uasset" 219
"../../../Engine/Plugins/Interchange/Runtime/Content/Functions/MX_ConductorBSDF.uexp" 220
"../../../Engine/Plugins/Interchange/Runtime/Content/Functions/MX_BurleyDiffuseBSDF.uasset" 221
"../../../Engine/Plugins/Interchange/Runtime/Content/Functions/MX_BurleyDiffuseBSDF.uexp" 222
"../../../Engine/Plugins/Interchange/Runtime/Content/Functions/MX_AnisotropicVDF.uasset" 223
"../../../Engine/Plugins/Interchange/Runtime/Content/Functions/MX_AnisotropicVDF.uexp" 224
"../../../Engine/Plugins/Interchange/Runtime/Content/Functions/MX_AbsorptionVDF.uasset" 225
"../../../Engine/Plugins/Interchange/Runtime/Content/Functions/MX_AbsorptionVDF.uexp" 226
"../../../Engine/Plugins/Editor/SpeedTreeImporter/Content/SpeedTree9/game_wind_noise.ubulk" 227
"../../../Engine/Plugins/Editor/SpeedTreeImporter/Content/SpeedTree9/game_wind_noise.uasset" 228
"../../../Engine/Plugins/Editor/SpeedTreeImporter/Content/SpeedTree9/game_wind_noise.uexp" 229
"../../../Engine/Plugins/Editor/SpeedTreeImporter/Content/SpeedTree9/UnpackDirection.uasset" 230
"../../../Engine/Plugins/Editor/SpeedTreeImporter/Content/SpeedTree9/UnpackDirection.uexp" 231
"../../../Engine/Content/Functions/Engine_MaterialFunctions02/ObjectLocalBounds.uasset" 232
"../../../Engine/Content/Functions/Engine_MaterialFunctions02/ObjectLocalBounds.uexp" 233
"../../../Engine/Content/Functions/Engine_MaterialFunctions02/UVs/BoundingBoxBased_0-1_UVW.uasset" 234
"../../../Engine/Content/Functions/Engine_MaterialFunctions02/UVs/BoundingBoxBased_0-1_UVW.uexp" 235
"../../../Engine/Content/Functions/Engine_MaterialFunctions02/Utility/VectorLength.uasset" 236
"../../../Engine/Content/Functions/Engine_MaterialFunctions02/Utility/VectorLength.uexp" 237
"../../../Engine/Plugins/Editor/SpeedTreeImporter/Content/SpeedTree9/UnpackInteger3.uasset" 238
"../../../Engine/Plugins/Editor/SpeedTreeImporter/Content/SpeedTree9/UnpackInteger3.uexp" 239
"../../../Engine/Plugins/Editor/SpeedTreeImporter/Content/SpeedTree9/SpeedTreeCameraFacing.uasset" 240
"../../../Engine/Plugins/Editor/SpeedTreeImporter/Content/SpeedTree9/SpeedTreeCameraFacing.uexp" 241
"../../../Engine/Content/Functions/Engine_MaterialFunctions02/WorldPositionOffset/ObjectScale.uasset" 242
"../../../Engine/Content/Functions/Engine_MaterialFunctions02/WorldPositionOffset/ObjectScale.uexp" 243
"../../../Engine/Content/Functions/Engine_MaterialFunctions02/SafeNormalize.uasset" 244
"../../../Engine/Content/Functions/Engine_MaterialFunctions02/SafeNormalize.uexp" 245
"../../../Engine/Plugins/Editor/SpeedTreeImporter/Content/SpeedTree9/SpeedTreeWindMotion.uasset" 246
"../../../Engine/Plugins/Editor/SpeedTreeImporter/Content/SpeedTree9/SpeedTreeWindMotion.uexp" 247
"../../../Engine/Plugins/Editor/SpeedTreeImporter/Content/SpeedTree9/SpeedTreeBranchMotion.uasset" 248
"../../../Engine/Plugins/Editor/SpeedTreeImporter/Content/SpeedTree9/SpeedTreeBranchMotion.uexp" 249
"../../../Engine/Plugins/Editor/SpeedTreeImporter/Content/SpeedTree9/SpeedTreeWind.uasset" 250
"../../../Engine/Plugins/Editor/SpeedTreeImporter/Content/SpeedTree9/SpeedTreeWind.uexp" 251
"../../../Engine/Plugins/Editor/SpeedTreeImporter/Content/SpeedTree9/EmptyNormal.uasset" 252
"../../../Engine/Plugins/Editor/SpeedTreeImporter/Content/SpeedTree9/EmptyNormal.uexp" 253
"../../../Engine/Plugins/Editor/SpeedTreeImporter/Content/SpeedTree9/Empty.uasset" 254
"../../../Engine/Plugins/Editor/SpeedTreeImporter/Content/SpeedTree9/Empty.uexp" 255
"../../../Engine/Plugins/Editor/SpeedTreeImporter/Content/SpeedTree9/SpeedTreeMaster.uasset" 256
"../../../Engine/Plugins/Editor/SpeedTreeImporter/Content/SpeedTree9/SpeedTreeMaster.uexp" 257
"../../../Engine/Plugins/Editor/SpeedTreeImporter/Content/SpeedTree9/SpeedTreeBillboard.uasset" 258
"../../../Engine/Plugins/Editor/SpeedTreeImporter/Content/SpeedTree9/SpeedTreeBillboard.uexp" 259
"../../../Engine/Plugins/Editor/SpeedTreeImporter/Content/SpeedTree9/SpeedTreeBillboardMaster.uasset" 260
"../../../Engine/Plugins/Editor/SpeedTreeImporter/Content/SpeedTree9/SpeedTreeBillboardMaster.uexp" 261
"../../../Engine/Plugins/Animation/ControlRig/Content/Controls/DefaultGizmoLibraryNormalized.uasset" 262
"../../../Engine/Plugins/Animation/ControlRig/Content/Controls/DefaultGizmoLibraryNormalized.uexp" 263
"../../../Engine/Plugins/Animation/ControlRig/Content/Controls/ControlRig_Wedge_solid.uasset" 264
"../../../Engine/Plugins/Animation/ControlRig/Content/Controls/ControlRig_Wedge_solid.uexp" 265
"../../../Engine/Plugins/Animation/ControlRig/Content/Controls/ControlRig_Wedge_3mm.uasset" 266
"../../../Engine/Plugins/Animation/ControlRig/Content/Controls/ControlRig_Wedge_3mm.uexp" 267
"../../../Engine/Plugins/Animation/ControlRig/Content/Controls/ControlRig_Wedge_1mm.uasset" 268
"../../../Engine/Plugins/Animation/ControlRig/Content/Controls/ControlRig_Wedge_1mm.uexp" 269
"../../../Engine/Plugins/Animation/ControlRig/Content/Controls/ControlRig_Triangle_solid.uasset" 270
"../../../Engine/Plugins/Animation/ControlRig/Content/Controls/ControlRig_Triangle_solid.uexp" 271
"../../../Engine/Plugins/Animation/ControlRig/Content/Controls/ControlRig_Triangle_3mm.uasset" 272
"../../../Engine/Plugins/Animation/ControlRig/Content/Controls/ControlRig_Triangle_3mm.uexp" 273
"../../../Engine/Plugins/Animation/ControlRig/Content/Controls/ControlRig_Triangle_1mm.uasset" 274
"../../../Engine/Plugins/Animation/ControlRig/Content/Controls/ControlRig_Triangle_1mm.uexp" 275
"../../../Engine/Plugins/Animation/ControlRig/Content/Controls/ControlRig_Star4_solid.uasset" 276
"../../../Engine/Plugins/Animation/ControlRig/Content/Controls/ControlRig_Star4_solid.uexp" 277
"../../../Engine/Plugins/Animation/ControlRig/Content/Controls/ControlRig_Star4_3mm.uasset" 278
"../../../Engine/Plugins/Animation/ControlRig/Content/Controls/ControlRig_Star4_3mm.uexp" 279
"../../../Engine/Plugins/Animation/ControlRig/Content/Controls/ControlRig_Star4_1mm.uasset" 280
"../../../Engine/Plugins/Animation/ControlRig/Content/Controls/ControlRig_Star4_1mm.uexp" 281
"../../../Engine/Plugins/Animation/ControlRig/Content/Controls/ControlRig_Square_solid.uasset" 282
"../../../Engine/Plugins/Animation/ControlRig/Content/Controls/ControlRig_Square_solid.uexp" 283
"../../../Engine/Plugins/Animation/ControlRig/Content/Controls/ControlRig_Square_3mm.uasset" 284
"../../../Engine/Plugins/Animation/ControlRig/Content/Controls/ControlRig_Square_3mm.uexp" 285
"../../../Engine/Plugins/Animation/ControlRig/Content/Controls/ControlRig_Square_1mm.uasset" 286
"../../../Engine/Plugins/Animation/ControlRig/Content/Controls/ControlRig_Square_1mm.uexp" 287
"../../../Engine/Plugins/Animation/ControlRig/Content/Controls/ControlRig_Sphere_solid.uasset" 288
"../../../Engine/Plugins/Animation/ControlRig/Content/Controls/ControlRig_Sphere_solid.uexp" 289
"../../../Engine/Plugins/Animation/ControlRig/Content/Controls/ControlRig_Sphere_3mm.uasset" 290
"../../../Engine/Plugins/Animation/ControlRig/Content/Controls/ControlRig_Sphere_3mm.uexp" 291
"../../../Engine/Plugins/Animation/ControlRig/Content/Controls/ControlRig_Sphere_1mm.uasset" 292
"../../../Engine/Plugins/Animation/ControlRig/Content/Controls/ControlRig_Sphere_1mm.uexp" 293
"../../../Engine/Plugins/Animation/ControlRig/Content/Controls/ControlRig_RoundedTriangle_solid.uasset" 294
"../../../Engine/Plugins/Animation/ControlRig/Content/Controls/ControlRig_RoundedTriangle_solid.uexp" 295
"../../../Engine/Plugins/Animation/ControlRig/Content/Controls/ControlRig_RoundedTriangle_3mm.uasset" 296
"../../../Engine/Plugins/Animation/ControlRig/Content/Controls/ControlRig_RoundedTriangle_3mm.uexp" 297
"../../../Engine/Plugins/Animation/ControlRig/Content/Controls/ControlRig_RoundedTriangle_1mm.uasset" 298
"../../../Engine/Plugins/Animation/ControlRig/Content/Controls/ControlRig_RoundedTriangle_1mm.uexp" 299
"../../../Engine/Plugins/Animation/ControlRig/Content/Controls/ControlRig_RoundedSquare_solid.uasset" 300
"../../../Engine/Plugins/Animation/ControlRig/Content/Controls/ControlRig_RoundedSquare_solid.uexp" 301
"../../../Engine/Plugins/Animation/ControlRig/Content/Controls/ControlRig_RoundedSquare_3mm.uasset" 302
"../../../Engine/Plugins/Animation/ControlRig/Content/Controls/ControlRig_RoundedSquare_3mm.uexp" 303
"../../../Engine/Plugins/Animation/ControlRig/Content/Controls/ControlRig_RoundedSquare_1mm.uasset" 304
"../../../Engine/Plugins/Animation/ControlRig/Content/Controls/ControlRig_RoundedSquare_1mm.uexp" 305
"../../../Engine/Plugins/Animation/ControlRig/Content/Controls/ControlRig_QuarterCircle_solid.uasset" 306
"../../../Engine/Plugins/Animation/ControlRig/Content/Controls/ControlRig_QuarterCircle_solid.uexp" 307
"../../../Engine/Plugins/Animation/ControlRig/Content/Controls/ControlRig_QuarterCircle_3mm.uasset" 308
"../../../Engine/Plugins/Animation/ControlRig/Content/Controls/ControlRig_QuarterCircle_3mm.uexp" 309
"../../../Engine/Plugins/Animation/ControlRig/Content/Controls/ControlRig_QuarterCircle_1mm.uasset" 310
"../../../Engine/Plugins/Animation/ControlRig/Content/Controls/ControlRig_QuarterCircle_1mm.uexp" 311
"../../../Engine/Plugins/Animation/ControlRig/Content/Controls/ControlRig_Pyramid_solid.uasset" 312
"../../../Engine/Plugins/Animation/ControlRig/Content/Controls/ControlRig_Pyramid_solid.uexp" 313
"../../../Engine/Plugins/Animation/ControlRig/Content/Controls/ControlRig_Pyramid_3mm.uasset" 314
"../../../Engine/Plugins/Animation/ControlRig/Content/Controls/ControlRig_Pyramid_3mm.uexp" 315
"../../../Engine/Plugins/Animation/ControlRig/Content/Controls/ControlRig_Pyramid_1mm.uasset" 316
"../../../Engine/Plugins/Animation/ControlRig/Content/Controls/ControlRig_Pyramid_1mm.uexp" 317
"../../../Engine/Plugins/Animation/ControlRig/Content/Controls/ControlRig_Octagon_solid.uasset" 318
"../../../Engine/Plugins/Animation/ControlRig/Content/Controls/ControlRig_Octagon_solid.uexp" 319
"../../../Engine/Plugins/Animation/ControlRig/Content/Controls/ControlRig_Octagon_3mm.uasset" 320
"../../../Engine/Plugins/Animation/ControlRig/Content/Controls/ControlRig_Octagon_3mm.uexp" 321
"../../../Engine/Plugins/Animation/ControlRig/Content/Controls/ControlRig_Octagon_1mm.uasset" 322
"../../../Engine/Plugins/Animation/ControlRig/Content/Controls/ControlRig_Octagon_1mm.uexp" 323
"../../../Engine/Plugins/Animation/ControlRig/Content/Controls/ControlRig_Hexagon_solid.uasset" 324
"../../../Engine/Plugins/Animation/ControlRig/Content/Controls/ControlRig_Hexagon_solid.uexp" 325
"../../../Engine/Plugins/Animation/ControlRig/Content/Controls/ControlRig_Hexagon_3mm.uasset" 326
"../../../Engine/Plugins/Animation/ControlRig/Content/Controls/ControlRig_Hexagon_3mm.uexp" 327
"../../../Engine/Plugins/Animation/ControlRig/Content/Controls/ControlRig_Hexagon_1mm.uasset" 328
"../../../Engine/Plugins/Animation/ControlRig/Content/Controls/ControlRig_Hexagon_1mm.uexp" 329
"../../../Engine/Plugins/Animation/ControlRig/Content/Controls/ControlRig_HalfCircle_solid.uasset" 330
"../../../Engine/Plugins/Animation/ControlRig/Content/Controls/ControlRig_HalfCircle_solid.uexp" 331
"../../../Engine/Plugins/Animation/ControlRig/Content/Controls/ControlRig_HalfCircle_3mm.uasset" 332
"../../../Engine/Plugins/Animation/ControlRig/Content/Controls/ControlRig_HalfCircle_3mm.uexp" 333
"../../../Engine/Plugins/Animation/ControlRig/Content/Controls/ControlRig_HalfCircle_1mm.uasset" 334
"../../../Engine/Plugins/Animation/ControlRig/Content/Controls/ControlRig_HalfCircle_1mm.uexp" 335
"../../../Engine/Plugins/Animation/ControlRig/Content/Controls/ControlRig_Diamond_solid.uasset" 336
"../../../Engine/Plugins/Animation/ControlRig/Content/Controls/ControlRig_Diamond_solid.uexp" 337
"../../../Engine/Plugins/Animation/ControlRig/Content/Controls/ControlRig_Diamond_3mm.uasset" 338
"../../../Engine/Plugins/Animation/ControlRig/Content/Controls/ControlRig_Diamond_3mm.uexp" 339
"../../../Engine/Plugins/Animation/ControlRig/Content/Controls/ControlRig_Diamond_1mm.uasset" 340
"../../../Engine/Plugins/Animation/ControlRig/Content/Controls/ControlRig_Diamond_1mm.uexp" 341
"../../../Engine/Plugins/Animation/ControlRig/Content/Controls/ControlRig_Circle_solid.uasset" 342
"../../../Engine/Plugins/Animation/ControlRig/Content/Controls/ControlRig_Circle_solid.uexp" 343
"../../../Engine/Plugins/Animation/ControlRig/Content/Controls/ControlRig_Circle_3mm.uasset" 344
"../../../Engine/Plugins/Animation/ControlRig/Content/Controls/ControlRig_Circle_3mm.uexp" 345
"../../../Engine/Plugins/Animation/ControlRig/Content/Controls/ControlRig_Circle_1mm.uasset" 346
"../../../Engine/Plugins/Animation/ControlRig/Content/Controls/ControlRig_Circle_1mm.uexp" 347
"../../../Engine/Plugins/Animation/ControlRig/Content/Controls/ControlRig_Box_solid.uasset" 348
"../../../Engine/Plugins/Animation/ControlRig/Content/Controls/ControlRig_Box_solid.uexp" 349
"../../../Engine/Plugins/Animation/ControlRig/Content/Controls/ControlRig_Box_3mm.uasset" 350
"../../../Engine/Plugins/Animation/ControlRig/Content/Controls/ControlRig_Box_3mm.uexp" 351
"../../../Engine/Plugins/Animation/ControlRig/Content/Controls/ControlRig_Box_1mm.uasset" 352
"../../../Engine/Plugins/Animation/ControlRig/Content/Controls/ControlRig_Box_1mm.uexp" 353
"../../../Engine/Plugins/Animation/ControlRig/Content/Controls/ControlRig_Arrow_solid.uasset" 354
"../../../Engine/Plugins/Animation/ControlRig/Content/Controls/ControlRig_Arrow_solid.uexp" 355
"../../../Engine/Plugins/Animation/ControlRig/Content/Controls/ControlRig_Arrow_3mm.uasset" 356
"../../../Engine/Plugins/Animation/ControlRig/Content/Controls/ControlRig_Arrow_3mm.uexp" 357
"../../../Engine/Plugins/Animation/ControlRig/Content/Controls/ControlRig_Arrow_1mm.uasset" 358
"../../../Engine/Plugins/Animation/ControlRig/Content/Controls/ControlRig_Arrow_1mm.uexp" 359
"../../../Engine/Plugins/Animation/ControlRig/Content/Controls/ControlRig_Arrow4_solid.uasset" 360
"../../../Engine/Plugins/Animation/ControlRig/Content/Controls/ControlRig_Arrow4_solid.uexp" 361
"../../../Engine/Plugins/Animation/ControlRig/Content/Controls/ControlRig_Arrow4_3mm.uasset" 362
"../../../Engine/Plugins/Animation/ControlRig/Content/Controls/ControlRig_Arrow4_3mm.uexp" 363
"../../../Engine/Plugins/Animation/ControlRig/Content/Controls/ControlRig_Arrow4_1mm.uasset" 364
"../../../Engine/Plugins/Animation/ControlRig/Content/Controls/ControlRig_Arrow4_1mm.uexp" 365
"../../../Engine/Plugins/Animation/ControlRig/Content/Controls/ControlRig_Arrow2_solid.uasset" 366
"../../../Engine/Plugins/Animation/ControlRig/Content/Controls/ControlRig_Arrow2_solid.uexp" 367
"../../../Engine/Plugins/Animation/ControlRig/Content/Controls/ControlRig_Arrow2_3mm.uasset" 368
"../../../Engine/Plugins/Animation/ControlRig/Content/Controls/ControlRig_Arrow2_3mm.uexp" 369
"../../../Engine/Plugins/Animation/ControlRig/Content/Controls/ControlRig_Arrow2_1mm.uasset" 370
"../../../Engine/Plugins/Animation/ControlRig/Content/Controls/ControlRig_Arrow2_1mm.uexp" 371
"../../../Engine/Plugins/Animation/ControlRig/Content/Controls/ControlRigXRayMaterial.uasset" 372
"../../../Engine/Plugins/Animation/ControlRig/Content/Controls/ControlRigXRayMaterial.uexp" 373
"../../../Engine/Plugins/Animation/ControlRig/Content/Controls/ControlRigGizmoMaterial.uasset" 374
"../../../Engine/Plugins/Animation/ControlRig/Content/Controls/ControlRigGizmoMaterial.uexp" 375
"../../../Engine/Content/VREditor/TransformGizmo/StartRotationHandleIndicator.uasset" 376
"../../../Engine/Content/VREditor/TransformGizmo/StartRotationHandleIndicator.uexp" 377
"../../../Engine/Content/VREditor/Sounds/UI/Drop_Item_From_ContentBrowser.ubulk" 378
"../../../Engine/Content/VREditor/Sounds/UI/Drop_Item_From_ContentBrowser.uasset" 379
"../../../Engine/Content/VREditor/Sounds/UI/Drop_Item_From_ContentBrowser.uexp" 380
"../../../Engine/Content/VREditor/TransformGizmo/PlaneTranslationHandle.uasset" 381
"../../../Engine/Content/VREditor/TransformGizmo/PlaneTranslationHandle.uexp" 382
"../../../Engine/Content/VREditor/Sounds/UI/Object_Snaps_To_Grid.ubulk" 383
"../../../Engine/Content/VREditor/Sounds/UI/Object_Snaps_To_Grid.uasset" 384
"../../../Engine/Content/VREditor/Sounds/UI/Object_Snaps_To_Grid.uexp" 385
"../../../Engine/Content/VREditor/Sounds/UI/Selection_Changes.ubulk" 386
"../../../Engine/Content/VREditor/Sounds/UI/Selection_Changes.uasset" 387
"../../../Engine/Content/VREditor/Sounds/UI/Selection_Changes.uexp" 388
"../../../Engine/Content/VREditor/Sounds/UI/Object_Snaps_To_Another_Actor.ubulk" 389
"../../../Engine/Content/VREditor/Sounds/UI/Object_Snaps_To_Another_Actor.uasset" 390
"../../../Engine/Content/VREditor/Sounds/UI/Object_Snaps_To_Another_Actor.uexp" 391
"../../../Engine/Content/VREditor/TransformGizmo/TranslucentTransformGizmoMaterial_Inst.uasset" 392
"../../../Engine/Content/VREditor/TransformGizmo/TranslucentTransformGizmoMaterial_Inst.uexp" 393
"../../../Engine/Content/VREditor/TransformGizmo/TransformGizmoFreeRotation.uasset" 394
"../../../Engine/Content/VREditor/TransformGizmo/TransformGizmoFreeRotation.uexp" 395
"../../../Engine/Content/VREditor/Sounds/UI/Scaling_Down.ubulk" 396
"../../../Engine/Content/VREditor/Sounds/UI/Scaling_Down.uasset" 397
"../../../Engine/Content/VREditor/Sounds/UI/Scaling_Down.uexp" 398
"../../../Engine/Content/Functions/Engine_MaterialFunctions02/Math/Transform3x3Matrix.uasset" 399
"../../../Engine/Content/Functions/Engine_MaterialFunctions02/Math/Transform3x3Matrix.uexp" 400
"../../../Engine/Content/Functions/Engine_MaterialFunctions02/SplitComponents.uasset" 401
"../../../Engine/Content/Functions/Engine_MaterialFunctions02/SplitComponents.uexp" 402
"../../../Engine/Content/Functions/Engine_MaterialFunctions02/Utility/MakeFloat3.uasset" 403
"../../../Engine/Content/Functions/Engine_MaterialFunctions02/Utility/MakeFloat3.uexp" 404
"../../../Engine/Content/VREditor/SnapGrid/SnapGridMaterial.uasset" 405
"../../../Engine/Content/VREditor/SnapGrid/SnapGridMaterial.uexp" 406
"../../../Engine/Content/VREditor/SnapGrid/SnapGridPlaneMesh.uasset" 407
"../../../Engine/Content/VREditor/SnapGrid/SnapGridPlaneMesh.uexp" 408
"../../../Engine/Content/VREditor/Sounds/UI/Scaling_Up.ubulk" 409
"../../../Engine/Content/VREditor/Sounds/UI/Scaling_Up.uasset" 410
"../../../Engine/Content/VREditor/Sounds/UI/Scaling_Up.uexp" 411
"../../../Engine/Content/VREditor/TransformGizmo/TransformGizmoMaterial_Inst.uasset" 412
"../../../Engine/Content/VREditor/TransformGizmo/TransformGizmoMaterial_Inst.uexp" 413
"../../../Engine/Content/VREditor/Sounds/UI/Gizmo_Handle_Clicked.ubulk" 414
"../../../Engine/Content/VREditor/Sounds/UI/Gizmo_Handle_Clicked.uasset" 415
"../../../Engine/Content/VREditor/Sounds/UI/Gizmo_Handle_Clicked.uexp" 416
"../../../Engine/Content/VREditor/TransformGizmo/RotationHandleQuarter.uasset" 417
"../../../Engine/Content/VREditor/TransformGizmo/RotationHandleQuarter.uexp" 418
"../../../Engine/Content/VREditor/TransformGizmo/TranslateArrowHandle.uasset" 419
"../../../Engine/Content/VREditor/TransformGizmo/TranslateArrowHandle.uexp" 420
"../../../Engine/Content/VREditor/TransformGizmo/RotationHandleIndicator.uasset" 421
"../../../Engine/Content/VREditor/TransformGizmo/RotationHandleIndicator.uexp" 422
"../../../Engine/Content/VREditor/TransformGizmo/UniformScaleHandle.uasset" 423
"../../../Engine/Content/VREditor/TransformGizmo/UniformScaleHandle.uexp" 424
"../../../Engine/Content/VREditor/TransformGizmo/RotationHandleFull.uasset" 425
"../../../Engine/Content/VREditor/TransformGizmo/RotationHandleFull.uexp" 426
"../../../Engine/Content/VREditor/Sounds/UI/Object_PickUp.ubulk" 427
"../../../Engine/Content/VREditor/Sounds/UI/Object_PickUp.uasset" 428
"../../../Engine/Content/VREditor/Sounds/UI/Object_PickUp.uexp" 429
"../../../Engine/Content/EngineSounds/Master.uasset" 430
"../../../Engine/Content/EngineSounds/Master.uexp" 431
"../../../Engine/Content/EngineResources/WhiteSquareTexture.uasset" 432
"../../../Engine/Content/EngineResources/WhiteSquareTexture.uexp" 433
"../../../Engine/Content/EngineMaterials/Widget3DPassThrough.uasset" 434
"../../../Engine/Content/EngineMaterials/Widget3DPassThrough.uexp" 435
"../../../Engine/Content/EngineMaterials/Widget3DPassThrough_Translucent.uasset" 436
"../../../Engine/Content/EngineMaterials/Widget3DPassThrough_Translucent.uexp" 437
"../../../Engine/Content/EngineMaterials/Widget3DPassThrough_Translucent_OneSided.uasset" 438
"../../../Engine/Content/EngineMaterials/Widget3DPassThrough_Translucent_OneSided.uexp" 439
"../../../Engine/Content/EngineMaterials/Widget3DPassThrough_Opaque.uasset" 440
"../../../Engine/Content/EngineMaterials/Widget3DPassThrough_Opaque.uexp" 441
"../../../Engine/Content/EngineMaterials/Widget3DPassThrough_Opaque_OneSided.uasset" 442
"../../../Engine/Content/EngineMaterials/Widget3DPassThrough_Opaque_OneSided.uexp" 443
"../../../Engine/Content/EngineMaterials/Widget3DPassThrough_Masked_OneSided.uasset" 444
"../../../Engine/Content/EngineMaterials/Widget3DPassThrough_Masked_OneSided.uexp" 445
"../../../Engine/Content/EngineMaterials/Widget3DPassThrough_Masked.uasset" 446
"../../../Engine/Content/EngineMaterials/Widget3DPassThrough_Masked.uexp" 447
"../../../Engine/Content/EngineMaterials/STBlueNoise_vec2_128x128x64.uasset" 448
"../../../Engine/Content/EngineMaterials/STBlueNoise_vec2_128x128x64.uexp" 449
"../../../Engine/Content/EngineMaterials/STBlueNoise_scalar_128x128x64.uasset" 450
"../../../Engine/Content/EngineMaterials/STBlueNoise_scalar_128x128x64.uexp" 451
"../../../Engine/Content/EngineMaterials/RemoveSurfaceMaterial.uasset" 452
"../../../Engine/Content/EngineMaterials/RemoveSurfaceMaterial.uexp" 453
"../../../Engine/Content/EngineMaterials/DefaultCalibrationGrayscale.uasset" 454
"../../../Engine/Content/EngineMaterials/DefaultCalibrationGrayscale.uexp" 455
"../../../Engine/Content/EngineMaterials/PPM_DefaultCalibrationGrayscale.uasset" 456
"../../../Engine/Content/EngineMaterials/PPM_DefaultCalibrationGrayscale.uexp" 457
"../../../Engine/Content/EngineMaterials/DefaultCalibrationColor.uasset" 458
"../../../Engine/Content/EngineMaterials/DefaultCalibrationColor.uexp" 459
"../../../Engine/Content/EngineMaterials/PPM_DefaultCalibrationColor.uasset" 460
"../../../Engine/Content/EngineMaterials/PPM_DefaultCalibrationColor.uexp" 461
"../../../Engine/Content/EngineMaterials/PhAT_JointLimitMaterial.uasset" 462
"../../../Engine/Content/EngineMaterials/PhAT_JointLimitMaterial.uexp" 463
"../../../Engine/Content/EngineMaterials/NaniteHiddenSectionMaterial.uasset" 464
"../../../Engine/Content/EngineMaterials/NaniteHiddenSectionMaterial.uexp" 465
"../../../Engine/Content/EngineMaterials/InvalidLightmapSettings.ubulk" 466
"../../../Engine/Content/EngineMaterials/InvalidLightmapSettings.uasset" 467
"../../../Engine/Content/EngineMaterials/InvalidLightmapSettings.uexp" 468
"../../../Engine/Content/EngineMaterials/M_InvalidLightmapSettings.uasset" 469
"../../../Engine/Content/EngineMaterials/M_InvalidLightmapSettings.uexp" 470
"../../../Engine/Content/EngineMaterials/GizmoMaterial.uasset" 471
"../../../Engine/Content/EngineMaterials/GizmoMaterial.uexp" 472
"../../../Engine/Content/EngineMaterials/BaseFlattenEmissiveMap_VT.uasset" 473
"../../../Engine/Content/EngineMaterials/BaseFlattenEmissiveMap_VT.uexp" 474
"../../../Engine/Content/EngineMaterials/BaseFlattenGrayscaleMap_VT.uasset" 475
"../../../Engine/Content/EngineMaterials/BaseFlattenGrayscaleMap_VT.uexp" 476
"../../../Engine/Content/EngineMaterials/BaseFlattenLinearColor_VT.uasset" 477
"../../../Engine/Content/EngineMaterials/BaseFlattenLinearColor_VT.uexp" 478
"../../../Engine/Content/EngineMaterials/Black_1x1_EXR_Texture_VT.uasset" 479
"../../../Engine/Content/EngineMaterials/Black_1x1_EXR_Texture_VT.uexp" 480
"../../../Engine/Content/EngineMaterials/BaseFlattenDiffuseMap_VT.uasset" 481
"../../../Engine/Content/EngineMaterials/BaseFlattenDiffuseMap_VT.uexp" 482
"../../../Engine/Content/EngineMaterials/BaseFlattenNormalMap_VT.uasset" 483
"../../../Engine/Content/EngineMaterials/BaseFlattenNormalMap_VT.uexp" 484
"../../../Engine/Content/EngineMaterials/FlattenMaterial_WS_Normal_VT.uasset" 485
"../../../Engine/Content/EngineMaterials/FlattenMaterial_WS_Normal_VT.uexp" 486
"../../../Engine/Content/EngineMaterials/FlattenMaterial_VT.uasset" 487
"../../../Engine/Content/EngineMaterials/FlattenMaterial_VT.uexp" 488
"../../../Engine/Content/EngineMaterials/BaseFlattenNormalMap.uasset" 489
"../../../Engine/Content/EngineMaterials/BaseFlattenNormalMap.uexp" 490
"../../../Engine/Content/EngineMaterials/BaseFlattenGrayscaleMap.uasset" 491
"../../../Engine/Content/EngineMaterials/BaseFlattenGrayscaleMap.uexp" 492
"../../../Engine/Content/EngineMaterials/BaseFlattenDiffuseMap.uasset" 493
"../../../Engine/Content/EngineMaterials/BaseFlattenDiffuseMap.uexp" 494
"../../../Engine/Content/Functions/Engine_MaterialFunctions02/PivotPainter2/Black_1x1_EXR_Texture.uasset" 495
"../../../Engine/Content/Functions/Engine_MaterialFunctions02/PivotPainter2/Black_1x1_EXR_Texture.uexp" 496
"../../../Engine/Content/EngineMaterials/BaseFlattenEmissiveMap.uasset" 497
"../../../Engine/Content/EngineMaterials/BaseFlattenEmissiveMap.uexp" 498
"../../../Engine/Content/EngineMaterials/BaseFlattenLinearColor.uasset" 499
"../../../Engine/Content/EngineMaterials/BaseFlattenLinearColor.uexp" 500
"../../../Engine/Content/EngineMaterials/FlattenMaterial.uasset" 501
"../../../Engine/Content/EngineMaterials/FlattenMaterial.uexp" 502
"../../../Engine/Content/EngineMaterials/DefaultWhiteGrid_Low.uasset" 503
"../../../Engine/Content/EngineMaterials/DefaultWhiteGrid_Low.uexp" 504
"../../../Engine/Content/EngineMaterials/EmissiveMeshMaterial.uasset" 505
"../../../Engine/Content/EngineMaterials/EmissiveMeshMaterial.uexp" 506
"../../../Engine/Content/EngineFonts/RobotoDistanceField.uasset" 507
"../../../Engine/Content/EngineFonts/RobotoDistanceField.uexp" 508
"../../../Engine/Content/EngineMaterials/DefaultTextMaterialOpaque.uasset" 509
"../../../Engine/Content/EngineMaterials/DefaultTextMaterialOpaque.uexp" 510
"../../../Engine/Content/EngineMaterials/DefaultDiffuse.ubulk" 511
"../../../Engine/Content/EngineMaterials/DefaultDiffuse.uasset" 512
"../../../Engine/Content/EngineMaterials/DefaultDiffuse.uexp" 513
"../../../Engine/Content/Functions/Engine_MaterialFunctions02/Utility/BreakOutFloat2Components.uasset" 514
"../../../Engine/Content/Functions/Engine_MaterialFunctions02/Utility/BreakOutFloat2Components.uexp" 515
"../../../Engine/Content/EngineMaterials/DefaultPostProcessMaterial.uasset" 516
"../../../Engine/Content/EngineMaterials/DefaultPostProcessMaterial.uexp" 517
"../../../Engine/Content/EngineMaterials/DefaultPhysicalMaterial.uasset" 518
"../../../Engine/Content/EngineMaterials/DefaultPhysicalMaterial.uexp" 519
"../../../Engine/Content/EngineMaterials/DefaultLightFunctionMaterial.uasset" 520
"../../../Engine/Content/EngineMaterials/DefaultLightFunctionMaterial.uexp" 521
"../../../Engine/Content/EngineMaterials/DefaultDestructiblePhysicalMaterial.uasset" 522
"../../../Engine/Content/EngineMaterials/DefaultDestructiblePhysicalMaterial.uexp" 523
"../../../Engine/Content/EngineMaterials/DefaultDeferredDecalMaterial.uasset" 524
"../../../Engine/Content/EngineMaterials/DefaultDeferredDecalMaterial.uexp" 525
"../../../Engine/Content/EngineMaterials/DefaultBloomKernel.uasset" 526
"../../../Engine/Content/EngineMaterials/DefaultBloomKernel.uexp" 527
"../../../Engine/Content/EngineFonts/Faces/RobotoLight.uexp" 528
"../../../Engine/Content/EngineFonts/Faces/RobotoLight.uasset" 529
"../../../Engine/Content/EngineFonts/Faces/RobotoLight.ufont" 530
"../../../Engine/Content/EngineFonts/Faces/RobotoBold.uexp" 531
"../../../Engine/Content/EngineFonts/Faces/RobotoBold.uasset" 532
"../../../Engine/Content/EngineFonts/Faces/RobotoBold.ufont" 533
"../../../Engine/Content/EngineFonts/Faces/RobotoRegular.uexp" 534
"../../../Engine/Content/EngineFonts/Faces/RobotoRegular.uasset" 535
"../../../Engine/Content/EngineFonts/Faces/RobotoRegular.ufont" 536
"../../../Engine/Content/EngineFonts/Faces/DroidSansFallback.uexp" 537
"../../../Engine/Content/EngineFonts/Faces/DroidSansFallback.uasset" 538
"../../../Engine/Content/EngineFonts/Faces/DroidSansFallback.ufont" 539
"../../../Engine/Content/EngineFonts/Faces/RobotoItalic.uexp" 540
"../../../Engine/Content/EngineFonts/Faces/RobotoItalic.uasset" 541
"../../../Engine/Content/EngineFonts/Faces/RobotoItalic.ufont" 542
"../../../Engine/Content/EngineFonts/Faces/RobotoBoldItalic.uexp" 543
"../../../Engine/Content/EngineFonts/Faces/RobotoBoldItalic.uasset" 544
"../../../Engine/Content/EngineFonts/Faces/RobotoBoldItalic.ufont" 545
"../../../Engine/Content/EngineFonts/Roboto.uasset" 546
"../../../Engine/Content/EngineFonts/Roboto.uexp" 547
"../../../Engine/Content/EngineDebugMaterials/VolumeToRender.uasset" 548
"../../../Engine/Content/EngineDebugMaterials/VolumeToRender.uexp" 549
"../../../Engine/Content/EngineDebugMaterials/M_VolumeRenderSphereTracePP.uasset" 550
"../../../Engine/Content/EngineDebugMaterials/M_VolumeRenderSphereTracePP.uexp" 551
"../../../Engine/Content/EngineDebugMaterials/M_SimpleUnlitTranslucent.uasset" 552
"../../../Engine/Content/EngineDebugMaterials/M_SimpleUnlitTranslucent.uexp" 553
"../../../Engine/Content/EngineDebugMaterials/DebugMeshMaterial.uasset" 554
"../../../Engine/Content/EngineDebugMaterials/DebugMeshMaterial.uexp" 555
"../../../Engine/Content/EngineDebugMaterials/DebugEditorMaterial.uasset" 556
"../../../Engine/Content/EngineDebugMaterials/DebugEditorMaterial.uexp" 557
"../../../Engine/Content/EngineDamageTypes/DmgTypeBP_Environmental.uasset" 558
"../../../Engine/Content/EngineDamageTypes/DmgTypeBP_Environmental.uexp" 559
"../../../Engine/Content/EditorResources/S_Terrain.ubulk" 560
"../../../Engine/Content/EditorResources/S_Terrain.uasset" 561
"../../../Engine/Content/EditorResources/S_Terrain.uexp" 562
"../../../Engine/Content/EditorResources/EmptyActor.uasset" 563
"../../../Engine/Content/EditorResources/EmptyActor.uexp" 564
"../../../Engine/Content/EditorResources/BSPVertex.uasset" 565
"../../../Engine/Content/EditorResources/BSPVertex.uexp" 566
"../../../Engine/Content/EditorMaterials/PreviewShadowIndicator.ubulk" 567
"../../../Engine/Content/EditorMaterials/PreviewShadowIndicator.uasset" 568
"../../../Engine/Content/EditorMaterials/PreviewShadowIndicator.uexp" 569
"../../../Engine/Content/EditorMaterials/PreviewShadowIndicatorMaterial.uasset" 570
"../../../Engine/Content/EditorMaterials/PreviewShadowIndicatorMaterial.uexp" 571
"../../../Engine/Content/EditorMaterials/PhAT_UnselectedMaterial.uasset" 572
"../../../Engine/Content/EditorMaterials/PhAT_UnselectedMaterial.uexp" 573
"../../../Engine/Content/EditorMaterials/PhAT_NoCollisionMaterial.uasset" 574
"../../../Engine/Content/EditorMaterials/PhAT_NoCollisionMaterial.uexp" 575
"../../../Engine/Content/EditorLandscapeResources/DefaultAlphaTexture.uasset" 576
"../../../Engine/Content/EditorLandscapeResources/DefaultAlphaTexture.uexp" 577
"../../../Engine/Content/EditorLandscapeResources/DataLayer.uasset" 578
"../../../Engine/Content/EditorLandscapeResources/DataLayer.uexp" 579
"E:/GameDev/UnrealEngine/TookTank2/ToonTanksProjectSetup_4.25/ToonTanks/Content/Blueprints/Widgets/WBP_StartGameWidget.uasset" 580
"E:/GameDev/UnrealEngine/TookTank2/ToonTanksProjectSetup_4.25/ToonTanks/Content/Blueprints/Widgets/WBP_StartGameWidget.uexp" 581
"E:/GameDev/UnrealEngine/TookTank2/ToonTanksProjectSetup_4.25/ToonTanks/Content/Blueprints/CameraShake/BP_HitCameraShake.uasset" 582
"E:/GameDev/UnrealEngine/TookTank2/ToonTanksProjectSetup_4.25/ToonTanks/Content/Blueprints/CameraShake/BP_HitCameraShake.uexp" 583
"E:/GameDev/UnrealEngine/TookTank2/ToonTanksProjectSetup_4.25/ToonTanks/Content/Assets/Materials/M_ParticleBase.uasset" 584
"E:/GameDev/UnrealEngine/TookTank2/ToonTanksProjectSetup_4.25/ToonTanks/Content/Assets/Materials/M_ParticleBase.uexp" 585
"E:/GameDev/UnrealEngine/TookTank2/ToonTanksProjectSetup_4.25/ToonTanks/Content/Assets/Materials/M_Particle_Inst.uasset" 586
"E:/GameDev/UnrealEngine/TookTank2/ToonTanksProjectSetup_4.25/ToonTanks/Content/Assets/Materials/M_Particle_Inst.uexp" 587
"E:/GameDev/UnrealEngine/TookTank2/ToonTanksProjectSetup_4.25/ToonTanks/Content/Assets/Meshes/SM_Sphere.uasset" 588
"E:/GameDev/UnrealEngine/TookTank2/ToonTanksProjectSetup_4.25/ToonTanks/Content/Assets/Meshes/SM_Sphere.uexp" 589
"E:/GameDev/UnrealEngine/TookTank2/ToonTanksProjectSetup_4.25/ToonTanks/Content/Assets/Effects/P_ProjectileTrail.uasset" 590
"E:/GameDev/UnrealEngine/TookTank2/ToonTanksProjectSetup_4.25/ToonTanks/Content/Assets/Effects/P_ProjectileTrail.uexp" 591
"E:/GameDev/UnrealEngine/TookTank2/ToonTanksProjectSetup_4.25/ToonTanks/Content/Assets/Textures/T_ColourGrid.ubulk" 592
"E:/GameDev/UnrealEngine/TookTank2/ToonTanksProjectSetup_4.25/ToonTanks/Content/Assets/Textures/T_ColourGrid.uasset" 593
"E:/GameDev/UnrealEngine/TookTank2/ToonTanksProjectSetup_4.25/ToonTanks/Content/Assets/Textures/T_ColourGrid.uexp" 594
"E:/GameDev/UnrealEngine/TookTank2/ToonTanksProjectSetup_4.25/ToonTanks/Content/Assets/Materials/M_TextureBase.uasset" 595
"E:/GameDev/UnrealEngine/TookTank2/ToonTanksProjectSetup_4.25/ToonTanks/Content/Assets/Materials/M_TextureBase.uexp" 596
"E:/GameDev/UnrealEngine/TookTank2/ToonTanksProjectSetup_4.25/ToonTanks/Content/Assets/Materials/M_Texture_Inst.uasset" 597
"E:/GameDev/UnrealEngine/TookTank2/ToonTanksProjectSetup_4.25/ToonTanks/Content/Assets/Materials/M_Texture_Inst.uexp" 598
"E:/GameDev/UnrealEngine/TookTank2/ToonTanksProjectSetup_4.25/ToonTanks/Content/Assets/Materials/M_EmissiveBase.uasset" 599
"E:/GameDev/UnrealEngine/TookTank2/ToonTanksProjectSetup_4.25/ToonTanks/Content/Assets/Materials/M_EmissiveBase.uexp" 600
"E:/GameDev/UnrealEngine/TookTank2/ToonTanksProjectSetup_4.25/ToonTanks/Content/Assets/Materials/M_EmissiveRed_Inst.uasset" 601
"E:/GameDev/UnrealEngine/TookTank2/ToonTanksProjectSetup_4.25/ToonTanks/Content/Assets/Materials/M_EmissiveRed_Inst.uexp" 602
"E:/GameDev/UnrealEngine/TookTank2/ToonTanksProjectSetup_4.25/ToonTanks/Content/Assets/Meshes/SM_Projectile.uasset" 603
"E:/GameDev/UnrealEngine/TookTank2/ToonTanksProjectSetup_4.25/ToonTanks/Content/Assets/Meshes/SM_Projectile.uexp" 604
"E:/GameDev/UnrealEngine/TookTank2/ToonTanksProjectSetup_4.25/ToonTanks/Content/Assets/Audio/Thud_Audio.ubulk" 605
"E:/GameDev/UnrealEngine/TookTank2/ToonTanksProjectSetup_4.25/ToonTanks/Content/Assets/Audio/Thud_Audio.uasset" 606
"E:/GameDev/UnrealEngine/TookTank2/ToonTanksProjectSetup_4.25/ToonTanks/Content/Assets/Audio/Thud_Audio.uexp" 607
"E:/GameDev/UnrealEngine/TookTank2/ToonTanksProjectSetup_4.25/ToonTanks/Content/Assets/Effects/P_HitEffect.uasset" 608
"E:/GameDev/UnrealEngine/TookTank2/ToonTanksProjectSetup_4.25/ToonTanks/Content/Assets/Effects/P_HitEffect.uexp" 609
"E:/GameDev/UnrealEngine/TookTank2/ToonTanksProjectSetup_4.25/ToonTanks/Content/Blueprints/Actors/BP_Projectile.uasset" 610
"E:/GameDev/UnrealEngine/TookTank2/ToonTanksProjectSetup_4.25/ToonTanks/Content/Blueprints/Actors/BP_Projectile.uexp" 611
"E:/GameDev/UnrealEngine/TookTank2/ToonTanksProjectSetup_4.25/ToonTanks/Content/Assets/Effects/P_DeathEffect.uasset" 612
"E:/GameDev/UnrealEngine/TookTank2/ToonTanksProjectSetup_4.25/ToonTanks/Content/Assets/Effects/P_DeathEffect.uexp" 613
"E:/GameDev/UnrealEngine/TookTank2/ToonTanksProjectSetup_4.25/ToonTanks/Content/Assets/Audio/Explode_Audio.ubulk" 614
"E:/GameDev/UnrealEngine/TookTank2/ToonTanksProjectSetup_4.25/ToonTanks/Content/Assets/Audio/Explode_Audio.uasset" 615
"E:/GameDev/UnrealEngine/TookTank2/ToonTanksProjectSetup_4.25/ToonTanks/Content/Assets/Audio/Explode_Audio.uexp" 616
"E:/GameDev/UnrealEngine/TookTank2/ToonTanksProjectSetup_4.25/ToonTanks/Content/Assets/Materials/M_EmissiveGreen_Inst.uasset" 617
"E:/GameDev/UnrealEngine/TookTank2/ToonTanksProjectSetup_4.25/ToonTanks/Content/Assets/Materials/M_EmissiveGreen_Inst.uexp" 618
"E:/GameDev/UnrealEngine/TookTank2/ToonTanksProjectSetup_4.25/ToonTanks/Content/Assets/Meshes/SM_TankBase.uasset" 619
"E:/GameDev/UnrealEngine/TookTank2/ToonTanksProjectSetup_4.25/ToonTanks/Content/Assets/Meshes/SM_TankBase.uexp" 620
"E:/GameDev/UnrealEngine/TookTank2/ToonTanksProjectSetup_4.25/ToonTanks/Content/Assets/Meshes/SM_TankTurret.uasset" 621
"E:/GameDev/UnrealEngine/TookTank2/ToonTanksProjectSetup_4.25/ToonTanks/Content/Assets/Meshes/SM_TankTurret.uexp" 622
"E:/GameDev/UnrealEngine/TookTank2/ToonTanksProjectSetup_4.25/ToonTanks/Content/Blueprints/Pawns/BP_PawnTank.uasset" 623
"E:/GameDev/UnrealEngine/TookTank2/ToonTanksProjectSetup_4.25/ToonTanks/Content/Blueprints/Pawns/BP_PawnTank.uexp" 624
"E:/GameDev/UnrealEngine/TookTank2/ToonTanksProjectSetup_4.25/ToonTanks/Content/Blueprints/PlayerController/BP_ToonTanksPlayerController.uasset" 625
"E:/GameDev/UnrealEngine/TookTank2/ToonTanksProjectSetup_4.25/ToonTanks/Content/Blueprints/PlayerController/BP_ToonTanksPlayerController.uexp" 626
"E:/GameDev/UnrealEngine/TookTank2/ToonTanksProjectSetup_4.25/ToonTanks/Content/Blueprints/Widgets/WBP_EndGameWidget.uasset" 627
"E:/GameDev/UnrealEngine/TookTank2/ToonTanksProjectSetup_4.25/ToonTanks/Content/Blueprints/Widgets/WBP_EndGameWidget.uexp" 628
"E:/GameDev/UnrealEngine/TookTank2/ToonTanksProjectSetup_4.25/ToonTanks/Content/Blueprints/GameMode/BP_ToonTanksGameMode.uasset" 629
"E:/GameDev/UnrealEngine/TookTank2/ToonTanksProjectSetup_4.25/ToonTanks/Content/Blueprints/GameMode/BP_ToonTanksGameMode.uexp" 630
"E:/GameDev/UnrealEngine/TookTank2/ToonTanksProjectSetup_4.25/ToonTanks/Content/Blueprints/CameraShake/BP_DeathCameraShake.uasset" 631
"E:/GameDev/UnrealEngine/TookTank2/ToonTanksProjectSetup_4.25/ToonTanks/Content/Blueprints/CameraShake/BP_DeathCameraShake.uexp" 632
"../../../Engine/Plugins/Interchange/Runtime/Content/gltf/MaterialFunctions/MF_RotateV2.uasset" 633
"../../../Engine/Plugins/Interchange/Runtime/Content/gltf/MaterialFunctions/MF_RotateV2.uexp" 634
"../../../Engine/Plugins/Interchange/Runtime/Content/gltf/MaterialFunctions/MF_TransformUVs.uasset" 635
"../../../Engine/Plugins/Interchange/Runtime/Content/gltf/MaterialFunctions/MF_TransformUVs.uexp" 636
"../../../Engine/Plugins/Interchange/Runtime/Content/gltf/Textures/T_White_srgb.uasset" 637
"../../../Engine/Plugins/Interchange/Runtime/Content/gltf/Textures/T_White_srgb.uexp" 638
"../../../Engine/Plugins/Interchange/Runtime/Content/gltf/MaterialFunctions/MF_BaseColor.uasset" 639
"../../../Engine/Plugins/Interchange/Runtime/Content/gltf/MaterialFunctions/MF_BaseColor.uexp" 640
"../../../Engine/Plugins/Interchange/Runtime/Content/gltf/MaterialBodies/MF_Unlit_Body.uasset" 641
"../../../Engine/Plugins/Interchange/Runtime/Content/gltf/MaterialBodies/MF_Unlit_Body.uexp" 642
"../../../Engine/Plugins/Interchange/Runtime/Content/gltf/M_Unlit.uasset" 643
"../../../Engine/Plugins/Interchange/Runtime/Content/gltf/M_Unlit.uexp" 644
"../../../Engine/Plugins/Interchange/Runtime/Content/gltf/MaterialInstances/MI_Unlit_Opaque_DS.uasset" 645
"../../../Engine/Plugins/Interchange/Runtime/Content/gltf/MaterialInstances/MI_Unlit_Opaque_DS.uexp" 646
"../../../Engine/Plugins/Interchange/Runtime/Content/gltf/MaterialInstances/MI_Unlit_Opaque.uasset" 647
"../../../Engine/Plugins/Interchange/Runtime/Content/gltf/MaterialInstances/MI_Unlit_Opaque.uexp" 648
"../../../Engine/Plugins/Interchange/Runtime/Content/gltf/MaterialInstances/MI_Unlit_Mask_DS.uasset" 649
"../../../Engine/Plugins/Interchange/Runtime/Content/gltf/MaterialInstances/MI_Unlit_Mask_DS.uexp" 650
"../../../Engine/Plugins/Interchange/Runtime/Content/gltf/MaterialInstances/MI_Unlit_Mask.uasset" 651
"../../../Engine/Plugins/Interchange/Runtime/Content/gltf/MaterialInstances/MI_Unlit_Mask.uexp" 652
"../../../Engine/Plugins/Interchange/Runtime/Content/gltf/MaterialInstances/MI_Unlit_Blend_DS.uasset" 653
"../../../Engine/Plugins/Interchange/Runtime/Content/gltf/MaterialInstances/MI_Unlit_Blend_DS.uexp" 654
"../../../Engine/Plugins/Interchange/Runtime/Content/gltf/MaterialInstances/MI_Unlit_Blend.uasset" 655
"../../../Engine/Plugins/Interchange/Runtime/Content/gltf/MaterialInstances/MI_Unlit_Blend.uexp" 656
"../../../Engine/Plugins/Interchange/Runtime/Content/gltf/MaterialFunctions/MF_Iridescence.uasset" 657
"../../../Engine/Plugins/Interchange/Runtime/Content/gltf/MaterialFunctions/MF_Iridescence.uexp" 658
"../../../Engine/Plugins/Interchange/Runtime/Content/gltf/Textures/T_White_Linear.uasset" 659
"../../../Engine/Plugins/Interchange/Runtime/Content/gltf/Textures/T_White_Linear.uexp" 660
"../../../Engine/Plugins/Interchange/Runtime/Content/gltf/MaterialFunctions/MF_MetallicRoughness.uasset" 661
"../../../Engine/Plugins/Interchange/Runtime/Content/gltf/MaterialFunctions/MF_MetallicRoughness.uexp" 662
"../../../Engine/Plugins/Interchange/Runtime/Content/gltf/MaterialFunctions/MF_Transmission.uasset" 663
"../../../Engine/Plugins/Interchange/Runtime/Content/gltf/MaterialFunctions/MF_Transmission.uexp" 664
"../../../Engine/Plugins/Interchange/Runtime/Content/gltf/MaterialFunctions/MF_Occlusion.uasset" 665
"../../../Engine/Plugins/Interchange/Runtime/Content/gltf/MaterialFunctions/MF_Occlusion.uexp" 666
"../../../Engine/Plugins/Interchange/Runtime/Content/gltf/MaterialFunctions/MF_Specular.uasset" 667
"../../../Engine/Plugins/Interchange/Runtime/Content/gltf/MaterialFunctions/MF_Specular.uexp" 668
"../../../Engine/Plugins/Interchange/Runtime/Content/gltf/MaterialFunctions/MF_IOR.uasset" 669
"../../../Engine/Plugins/Interchange/Runtime/Content/gltf/MaterialFunctions/MF_IOR.uexp" 670
"../../../Engine/Plugins/Interchange/Runtime/Content/gltf/MaterialFunctions/MF_RotateNormals_TS.uasset" 671
"../../../Engine/Plugins/Interchange/Runtime/Content/gltf/MaterialFunctions/MF_RotateNormals_TS.uexp" 672
"../../../Engine/Plugins/Interchange/Runtime/Content/gltf/Textures/T_Generic_N.uasset" 673
"../../../Engine/Plugins/Interchange/Runtime/Content/gltf/Textures/T_Generic_N.uexp" 674
"../../../Engine/Plugins/Interchange/Runtime/Content/gltf/MaterialFunctions/MF_Normals.uasset" 675
"../../../Engine/Plugins/Interchange/Runtime/Content/gltf/MaterialFunctions/MF_Normals.uexp" 676
"../../../Engine/Plugins/Interchange/Runtime/Content/gltf/MaterialBodies/MF_Transmission_Body.uasset" 677
"../../../Engine/Plugins/Interchange/Runtime/Content/gltf/MaterialBodies/MF_Transmission_Body.uexp" 678
"../../../Engine/Plugins/Interchange/Runtime/Content/gltf/M_Transmission.uasset" 679
"../../../Engine/Plugins/Interchange/Runtime/Content/gltf/M_Transmission.uexp" 680
"../../../Engine/Plugins/Interchange/Runtime/Content/gltf/MaterialInstances/MI_Transmission_DS.uasset" 681
"../../../Engine/Plugins/Interchange/Runtime/Content/gltf/MaterialInstances/MI_Transmission_DS.uexp" 682
"../../../Engine/Plugins/Interchange/Runtime/Content/gltf/MaterialInstances/MI_Transmission.uasset" 683
"../../../Engine/Plugins/Interchange/Runtime/Content/gltf/MaterialInstances/MI_Transmission.uexp" 684
"../../../Engine/Plugins/Interchange/Runtime/Content/gltf/MaterialFunctions/MF_DiffuseSpecGloss.uasset" 685
"../../../Engine/Plugins/Interchange/Runtime/Content/gltf/MaterialFunctions/MF_DiffuseSpecGloss.uexp" 686
"../../../Engine/Content/Functions/Engine_MaterialFunctions02/Math/AddComponents.uasset" 687
"../../../Engine/Content/Functions/Engine_MaterialFunctions02/Math/AddComponents.uexp" 688
"../../../Engine/Plugins/Interchange/Runtime/Content/gltf/MaterialFunctions/MF_PerceivedBrightness.uasset" 689
"../../../Engine/Plugins/Interchange/Runtime/Content/gltf/MaterialFunctions/MF_PerceivedBrightness.uexp" 690
"../../../Engine/Plugins/Interchange/Runtime/Content/gltf/MaterialFunctions/MF_Emissive.uasset" 691
"../../../Engine/Plugins/Interchange/Runtime/Content/gltf/MaterialFunctions/MF_Emissive.uexp" 692
"../../../Engine/Plugins/Interchange/Runtime/Content/gltf/MaterialFunctions/MF_SpecGlossToMetalRoughness.uasset" 693
"../../../Engine/Plugins/Interchange/Runtime/Content/gltf/MaterialFunctions/MF_SpecGlossToMetalRoughness.uexp" 694
"../../../Engine/Plugins/Interchange/Runtime/Content/gltf/MaterialBodies/MF_SpecularGlossiness_Body.uasset" 695
"../../../Engine/Plugins/Interchange/Runtime/Content/gltf/MaterialBodies/MF_SpecularGlossiness_Body.uexp" 696
"../../../Engine/Plugins/Interchange/Runtime/Content/gltf/M_SpecularGlossiness.uasset" 697
"../../../Engine/Plugins/Interchange/Runtime/Content/gltf/M_SpecularGlossiness.uexp" 698
"../../../Engine/Plugins/Interchange/Runtime/Content/gltf/MaterialInstances/MI_SpecularGlossiness_Opaque_DS.uasset" 699
"../../../Engine/Plugins/Interchange/Runtime/Content/gltf/MaterialInstances/MI_SpecularGlossiness_Opaque_DS.uexp" 700
"../../../Engine/Plugins/Interchange/Runtime/Content/gltf/MaterialInstances/MI_SpecularGlossiness_Opaque.uasset" 701
"../../../Engine/Plugins/Interchange/Runtime/Content/gltf/MaterialInstances/MI_SpecularGlossiness_Opaque.uexp" 702
"../../../Engine/Plugins/Interchange/Runtime/Content/gltf/MaterialInstances/MI_SpecularGlossiness_Mask_DS.uasset" 703
"../../../Engine/Plugins/Interchange/Runtime/Content/gltf/MaterialInstances/MI_SpecularGlossiness_Mask_DS.uexp" 704
"../../../Engine/Plugins/Interchange/Runtime/Content/gltf/MaterialInstances/MI_SpecularGlossiness_Mask.uasset" 705
"../../../Engine/Plugins/Interchange/Runtime/Content/gltf/MaterialInstances/MI_SpecularGlossiness_Mask.uexp" 706
"../../../Engine/Plugins/Interchange/Runtime/Content/gltf/MaterialInstances/MI_SpecularGlossiness_Blend_DS.uasset" 707
"../../../Engine/Plugins/Interchange/Runtime/Content/gltf/MaterialInstances/MI_SpecularGlossiness_Blend_DS.uexp" 708
"../../../Engine/Plugins/Interchange/Runtime/Content/gltf/MaterialInstances/MI_SpecularGlossiness_Blend.uasset" 709
"../../../Engine/Plugins/Interchange/Runtime/Content/gltf/MaterialInstances/MI_SpecularGlossiness_Blend.uexp" 710
"../../../Engine/Plugins/Interchange/Runtime/Content/gltf/MaterialFunctions/MF_Sheen.uasset" 711
"../../../Engine/Plugins/Interchange/Runtime/Content/gltf/MaterialFunctions/MF_Sheen.uexp" 712
"../../../Engine/Plugins/Interchange/Runtime/Content/gltf/MaterialBodies/MF_Sheen_Body.uasset" 713
"../../../Engine/Plugins/Interchange/Runtime/Content/gltf/MaterialBodies/MF_Sheen_Body.uexp" 714
"../../../Engine/Plugins/Interchange/Runtime/Content/gltf/M_Sheen.uasset" 715
"../../../Engine/Plugins/Interchange/Runtime/Content/gltf/M_Sheen.uexp" 716
"../../../Engine/Plugins/Interchange/Runtime/Content/gltf/MaterialInstances/MI_Sheen_Opaque_DS.uasset" 717
"../../../Engine/Plugins/Interchange/Runtime/Content/gltf/MaterialInstances/MI_Sheen_Opaque_DS.uexp" 718
"../../../Engine/Plugins/Interchange/Runtime/Content/gltf/MaterialInstances/MI_Sheen_Opaque.uasset" 719
"../../../Engine/Plugins/Interchange/Runtime/Content/gltf/MaterialInstances/MI_Sheen_Opaque.uexp" 720
"../../../Engine/Plugins/Interchange/Runtime/Content/gltf/MaterialInstances/MI_Sheen_Mask_DS.uasset" 721
"../../../Engine/Plugins/Interchange/Runtime/Content/gltf/MaterialInstances/MI_Sheen_Mask_DS.uexp" 722
"../../../Engine/Plugins/Interchange/Runtime/Content/gltf/MaterialInstances/MI_Sheen_Mask.uasset" 723
"../../../Engine/Plugins/Interchange/Runtime/Content/gltf/MaterialInstances/MI_Sheen_Mask.uexp" 724
"../../../Engine/Plugins/Interchange/Runtime/Content/gltf/MaterialInstances/MI_Sheen_Blend_DS.uasset" 725
"../../../Engine/Plugins/Interchange/Runtime/Content/gltf/MaterialInstances/MI_Sheen_Blend_DS.uexp" 726
"../../../Engine/Plugins/Interchange/Runtime/Content/gltf/MaterialInstances/MI_Sheen_Blend.uasset" 727
"../../../Engine/Plugins/Interchange/Runtime/Content/gltf/MaterialInstances/MI_Sheen_Blend.uexp" 728
"../../../Engine/Plugins/Interchange/Runtime/Content/gltf/MaterialBodies/MF_Default_Body.uasset" 729
"../../../Engine/Plugins/Interchange/Runtime/Content/gltf/MaterialBodies/MF_Default_Body.uexp" 730
"../../../Engine/Plugins/Interchange/Runtime/Content/gltf/M_Default.uasset" 731
"../../../Engine/Plugins/Interchange/Runtime/Content/gltf/M_Default.uexp" 732
"../../../Engine/Plugins/Interchange/Runtime/Content/gltf/MaterialInstances/MI_Default_Opaque_DS.uasset" 733
"../../../Engine/Plugins/Interchange/Runtime/Content/gltf/MaterialInstances/MI_Default_Opaque_DS.uexp" 734
"../../../Engine/Plugins/Interchange/Runtime/Content/gltf/MaterialInstances/MI_Default_Opaque.uasset" 735
"../../../Engine/Plugins/Interchange/Runtime/Content/gltf/MaterialInstances/MI_Default_Opaque.uexp" 736
"../../../Engine/Plugins/Interchange/Runtime/Content/gltf/MaterialInstances/MI_Default_Mask_DS.uasset" 737
"../../../Engine/Plugins/Interchange/Runtime/Content/gltf/MaterialInstances/MI_Default_Mask_DS.uexp" 738
"../../../Engine/Plugins/Interchange/Runtime/Content/gltf/MaterialInstances/MI_Default_Mask.uasset" 739
"../../../Engine/Plugins/Interchange/Runtime/Content/gltf/MaterialInstances/MI_Default_Mask.uexp" 740
"../../../Engine/Plugins/Interchange/Runtime/Content/gltf/MaterialInstances/MI_Default_Blend_DS.uasset" 741
"../../../Engine/Plugins/Interchange/Runtime/Content/gltf/MaterialInstances/MI_Default_Blend_DS.uexp" 742
"../../../Engine/Plugins/Interchange/Runtime/Content/gltf/MaterialInstances/MI_Default_Blend.uasset" 743
"../../../Engine/Plugins/Interchange/Runtime/Content/gltf/MaterialInstances/MI_Default_Blend.uexp" 744
"../../../Engine/Content/Functions/Engine_MaterialFunctions01/Texturing/FlattenNormal.uasset" 745
"../../../Engine/Content/Functions/Engine_MaterialFunctions01/Texturing/FlattenNormal.uexp" 746
"../../../Engine/Plugins/Interchange/Runtime/Content/gltf/MaterialFunctions/MF_Clearcoat.uasset" 747
"../../../Engine/Plugins/Interchange/Runtime/Content/gltf/MaterialFunctions/MF_Clearcoat.uexp" 748
"../../../Engine/Plugins/Interchange/Runtime/Content/gltf/MaterialBodies/MF_ClearCoat_Body.uasset" 749
"../../../Engine/Plugins/Interchange/Runtime/Content/gltf/MaterialBodies/MF_ClearCoat_Body.uexp" 750
"../../../Engine/Plugins/Interchange/Runtime/Content/gltf/M_ClearCoat.uasset" 751
"../../../Engine/Plugins/Interchange/Runtime/Content/gltf/M_ClearCoat.uexp" 752
"../../../Engine/Plugins/Interchange/Runtime/Content/gltf/MaterialInstances/MI_ClearCoat_Opaque_DS.uasset" 753
"../../../Engine/Plugins/Interchange/Runtime/Content/gltf/MaterialInstances/MI_ClearCoat_Opaque_DS.uexp" 754
"../../../Engine/Plugins/Interchange/Runtime/Content/gltf/MaterialInstances/MI_ClearCoat_Opaque.uasset" 755
"../../../Engine/Plugins/Interchange/Runtime/Content/gltf/MaterialInstances/MI_ClearCoat_Opaque.uexp" 756
"../../../Engine/Plugins/Interchange/Runtime/Content/gltf/MaterialInstances/MI_ClearCoat_Mask_DS.uasset" 757
"../../../Engine/Plugins/Interchange/Runtime/Content/gltf/MaterialInstances/MI_ClearCoat_Mask_DS.uexp" 758
"../../../Engine/Plugins/Interchange/Runtime/Content/gltf/MaterialInstances/MI_ClearCoat_Mask.uasset" 759
"../../../Engine/Plugins/Interchange/Runtime/Content/gltf/MaterialInstances/MI_ClearCoat_Mask.uexp" 760
"../../../Engine/Plugins/Interchange/Runtime/Content/gltf/MaterialInstances/MI_ClearCoat_Blend_DS.uasset" 761
"../../../Engine/Plugins/Interchange/Runtime/Content/gltf/MaterialInstances/MI_ClearCoat_Blend_DS.uexp" 762
"../../../Engine/Plugins/Interchange/Runtime/Content/gltf/MaterialInstances/MI_ClearCoat_Blend.uasset" 763
"../../../Engine/Plugins/Interchange/Runtime/Content/gltf/MaterialInstances/MI_ClearCoat_Blend.uexp" 764
"../../../Engine/Content/MobileResources/HUD/VirtualJoystick_Background.uasset" 765
"../../../Engine/Content/MobileResources/HUD/VirtualJoystick_Background.uexp" 766
"../../../Engine/Content/MobileResources/HUD/VirtualJoystick_Thumb.uasset" 767
"../../../Engine/Content/MobileResources/HUD/VirtualJoystick_Thumb.uexp" 768
"../../../Engine/Content/MobileResources/HUD/DefaultVirtualJoysticks.uasset" 769
"../../../Engine/Content/MobileResources/HUD/DefaultVirtualJoysticks.uexp" 770
"../../../Engine/Content/EngineSky/VolumetricClouds/CloudWeatherTexture.uasset" 771
"../../../Engine/Content/EngineSky/VolumetricClouds/CloudWeatherTexture.uexp" 772
"../../../Engine/Content/Functions/Engine_MaterialFunctions02/Utility/MakeFloat2.uasset" 773
"../../../Engine/Content/Functions/Engine_MaterialFunctions02/Utility/MakeFloat2.uexp" 774
"../../../Engine/Content/EngineSky/VolumetricClouds/CloudGradientTexture.uasset" 775
"../../../Engine/Content/EngineSky/VolumetricClouds/CloudGradientTexture.uexp" 776
"../../../Engine/Content/EngineSky/VolumetricClouds/T_NoiseShape64.ubulk" 777
"../../../Engine/Content/EngineSky/VolumetricClouds/T_NoiseShape64.uasset" 778
"../../../Engine/Content/EngineSky/VolumetricClouds/T_NoiseShape64.uexp" 779
"../../../Engine/Content/EngineSky/VolumetricClouds/T_VolumeNoiseShape64.uasset" 780
"../../../Engine/Content/EngineSky/VolumetricClouds/T_VolumeNoiseShape64.uexp" 781
"../../../Engine/Content/EngineSky/VolumetricClouds/T_NoiseErosion.ubulk" 782
"../../../Engine/Content/EngineSky/VolumetricClouds/T_NoiseErosion.uasset" 783
"../../../Engine/Content/EngineSky/VolumetricClouds/T_NoiseErosion.uexp" 784
"../../../Engine/Content/EngineSky/VolumetricClouds/T_VolumeNoiseErosion32.uasset" 785
"../../../Engine/Content/EngineSky/VolumetricClouds/T_VolumeNoiseErosion32.uexp" 786
"../../../Engine/Content/EngineSky/VolumetricClouds/m_SimpleVolumetricCloud.uasset" 787
"../../../Engine/Content/EngineSky/VolumetricClouds/m_SimpleVolumetricCloud.uexp" 788
"../../../Engine/Content/EngineSky/VolumetricClouds/m_SimpleVolumetricCloud_Inst.uasset" 789
"../../../Engine/Content/EngineSky/VolumetricClouds/m_SimpleVolumetricCloud_Inst.uexp" 790
"../../../Engine/Content/EngineResources/FilmGrains/Marcie_Grain_v3_128_M2_000.uasset" 791
"../../../Engine/Content/EngineResources/FilmGrains/Marcie_Grain_v3_128_M2_000.uexp" 792
"../../../Engine/Content/EditorResources/SequenceRecorder/RecordingIndicator.uasset" 793
"../../../Engine/Content/EditorResources/SequenceRecorder/RecordingIndicator.uexp" 794
"../../../Engine/Content/EditorResources/SequenceRecorder/Countdown.uasset" 795
"../../../Engine/Content/EditorResources/SequenceRecorder/Countdown.uexp" 796
"../../../Engine/Content/EditorMaterials/Dataflow/DataflowVertexMaterial.uasset" 797
"../../../Engine/Content/EditorMaterials/Dataflow/DataflowVertexMaterial.uexp" 798
"../../../Engine/Content/Functions/Engine_MaterialFunctions01/Shading/PowerToRoughness.uasset" 799
"../../../Engine/Content/Functions/Engine_MaterialFunctions01/Shading/PowerToRoughness.uexp" 800
"../../../Engine/Content/Functions/Engine_MaterialFunctions01/Shading/ConvertFromDiffSpec.uasset" 801
"../../../Engine/Content/Functions/Engine_MaterialFunctions01/Shading/ConvertFromDiffSpec.uexp" 802
"../../../Engine/Content/EngineMaterials/Substrate/Volume/SubstrateSimpleVolumeLUT3D.uasset" 803
"../../../Engine/Content/EngineMaterials/Substrate/Volume/SubstrateSimpleVolumeLUT3D.uexp" 804
"../../../Engine/Content/EngineMaterials/Substrate/Volume/SubstrateSimpleVolumeEnvLUT3D.uasset" 805
"../../../Engine/Content/EngineMaterials/Substrate/Volume/SubstrateSimpleVolumeEnvLUT3D.uexp" 806
"../../../Engine/Content/EngineMaterials/Substrate/GLints2/AGlintTex2dArray2.uasset" 807
"../../../Engine/Content/EngineMaterials/Substrate/GLints2/AGlintTex2dArray2.uexp" 808
"../../../Engine/Content/EngineMaterials/Substrate/GLints/AGlintTex2dArray.uasset" 809
"../../../Engine/Content/EngineMaterials/Substrate/GLints/AGlintTex2dArray.uexp" 810
"../../../Engine/Content/BasicShapes/Cube.uasset" 811
"../../../Engine/Content/BasicShapes/Cube.uexp" 812
"E:/GameDev/UnrealEngine/TookTank2/ToonTanksProjectSetup_4.25/ToonTanks/Content/Maps/Main_BuiltData.ubulk" 813
"E:/GameDev/UnrealEngine/TookTank2/ToonTanksProjectSetup_4.25/ToonTanks/Content/Maps/Main_BuiltData.uasset" 814
"E:/GameDev/UnrealEngine/TookTank2/ToonTanksProjectSetup_4.25/ToonTanks/Content/Maps/Main_BuiltData.uexp" 815
"E:/GameDev/UnrealEngine/TookTank2/ToonTanksProjectSetup_4.25/ToonTanks/Content/Assets/Meshes/SM_TowerTurret.uasset" 816
"E:/GameDev/UnrealEngine/TookTank2/ToonTanksProjectSetup_4.25/ToonTanks/Content/Assets/Meshes/SM_TowerTurret.uexp" 817
"E:/GameDev/UnrealEngine/TookTank2/ToonTanksProjectSetup_4.25/ToonTanks/Content/Assets/Meshes/SM_TowerBase.uasset" 818
"E:/GameDev/UnrealEngine/TookTank2/ToonTanksProjectSetup_4.25/ToonTanks/Content/Assets/Meshes/SM_TowerBase.uexp" 819
"E:/GameDev/UnrealEngine/TookTank2/ToonTanksProjectSetup_4.25/ToonTanks/Content/Blueprints/Pawns/BP_PawnTurret.uasset" 820
"E:/GameDev/UnrealEngine/TookTank2/ToonTanksProjectSetup_4.25/ToonTanks/Content/Blueprints/Pawns/BP_PawnTurret.uexp" 821
"../../../Engine/Content/EngineSky/C_Sky_Horizon_Color.uasset" 822
"../../../Engine/Content/EngineSky/C_Sky_Horizon_Color.uexp" 823
"../../../Engine/Content/EngineSky/T_Sky_Stars.ubulk" 824
"../../../Engine/Content/EngineSky/T_Sky_Stars.uasset" 825
"../../../Engine/Content/EngineSky/T_Sky_Stars.uexp" 826
"../../../Engine/Content/EngineSky/T_Sky_Clouds_M.ubulk" 827
"../../../Engine/Content/EngineSky/T_Sky_Clouds_M.uasset" 828
"../../../Engine/Content/EngineSky/T_Sky_Clouds_M.uexp" 829
"../../../Engine/Content/EngineSky/T_Sky_Blue.ubulk" 830
"../../../Engine/Content/EngineSky/T_Sky_Blue.uasset" 831
"../../../Engine/Content/EngineSky/T_Sky_Blue.uexp" 832
"../../../Engine/Content/EngineSky/M_Sky_Panning_Clouds2.uasset" 833
"../../../Engine/Content/EngineSky/M_Sky_Panning_Clouds2.uexp" 834
"../../../Engine/Content/EngineSky/SM_SkySphere.uasset" 835
"../../../Engine/Content/EngineSky/SM_SkySphere.uexp" 836
"../../../Engine/Content/EngineSky/C_Sky_Cloud_Color.uasset" 837
"../../../Engine/Content/EngineSky/C_Sky_Cloud_Color.uexp" 838
"../../../Engine/Content/EngineSky/C_Sky_Zenith_Color.uasset" 839
"../../../Engine/Content/EngineSky/C_Sky_Zenith_Color.uexp" 840
"../../../Engine/Content/EditorBlueprintResources/StandardMacros.uasset" 841
"../../../Engine/Content/EditorBlueprintResources/StandardMacros.uexp" 842
"../../../Engine/Content/EngineSky/BP_Sky_Sphere.uasset" 843
"../../../Engine/Content/EngineSky/BP_Sky_Sphere.uexp" 844
"../../../Engine/Content/MapTemplates/SM_Template_Map_Floor.uasset" 845
"../../../Engine/Content/MapTemplates/SM_Template_Map_Floor.uexp" 846
"E:/GameDev/UnrealEngine/TookTank2/ToonTanksProjectSetup_4.25/ToonTanks/Content/Assets/Textures/T_BasicGrid_M.ubulk" 847
"E:/GameDev/UnrealEngine/TookTank2/ToonTanksProjectSetup_4.25/ToonTanks/Content/Assets/Textures/T_BasicGrid_M.uasset" 848
"E:/GameDev/UnrealEngine/TookTank2/ToonTanksProjectSetup_4.25/ToonTanks/Content/Assets/Textures/T_BasicGrid_M.uexp" 849
"E:/GameDev/UnrealEngine/TookTank2/ToonTanksProjectSetup_4.25/ToonTanks/Content/Assets/Materials/Functions/Basic/MakeSet.uasset" 850
"E:/GameDev/UnrealEngine/TookTank2/ToonTanksProjectSetup_4.25/ToonTanks/Content/Assets/Materials/Functions/Basic/MakeSet.uexp" 851
"E:/GameDev/UnrealEngine/TookTank2/ToonTanksProjectSetup_4.25/ToonTanks/Content/Assets/Materials/Functions/Basic/BreakSet.uasset" 852
"E:/GameDev/UnrealEngine/TookTank2/ToonTanksProjectSetup_4.25/ToonTanks/Content/Assets/Materials/Functions/Basic/BreakSet.uexp" 853
"E:/GameDev/UnrealEngine/TookTank2/ToonTanksProjectSetup_4.25/ToonTanks/Content/Assets/Materials/Functions/Texture/Tex_SimpleGrid.uasset" 854
"E:/GameDev/UnrealEngine/TookTank2/ToonTanksProjectSetup_4.25/ToonTanks/Content/Assets/Materials/Functions/Texture/Tex_SimpleGrid.uexp" 855
"../../../Engine/Content/Functions/Engine_MaterialFunctions02/Utility/Sign.uasset" 856
"../../../Engine/Content/Functions/Engine_MaterialFunctions02/Utility/Sign.uexp" 857
"E:/GameDev/UnrealEngine/TookTank2/ToonTanksProjectSetup_4.25/ToonTanks/Content/Assets/Textures/T_BasicGrid_N.ubulk" 858
"E:/GameDev/UnrealEngine/TookTank2/ToonTanksProjectSetup_4.25/ToonTanks/Content/Assets/Textures/T_BasicGrid_N.uasset" 859
"E:/GameDev/UnrealEngine/TookTank2/ToonTanksProjectSetup_4.25/ToonTanks/Content/Assets/Textures/T_BasicGrid_N.uexp" 860
"../../../Engine/Content/Functions/Engine_MaterialFunctions02/Utility/Round.uasset" 861
"../../../Engine/Content/Functions/Engine_MaterialFunctions02/Utility/Round.uexp" 862
"E:/GameDev/UnrealEngine/TookTank2/ToonTanksProjectSetup_4.25/ToonTanks/Content/Assets/Materials/Functions/Texture/Dye_SingleColor.uasset" 863
"E:/GameDev/UnrealEngine/TookTank2/ToonTanksProjectSetup_4.25/ToonTanks/Content/Assets/Materials/Functions/Texture/Dye_SingleColor.uexp" 864
"E:/GameDev/UnrealEngine/TookTank2/ToonTanksProjectSetup_4.25/ToonTanks/Content/Assets/Materials/Functions/UV/UV_SetupGrid.uasset" 865
"E:/GameDev/UnrealEngine/TookTank2/ToonTanksProjectSetup_4.25/ToonTanks/Content/Assets/Materials/Functions/UV/UV_SetupGrid.uexp" 866
"E:/GameDev/UnrealEngine/TookTank2/ToonTanksProjectSetup_4.25/ToonTanks/Content/Assets/Materials/Functions/UV/UV_ObjectScalable.uasset" 867
"E:/GameDev/UnrealEngine/TookTank2/ToonTanksProjectSetup_4.25/ToonTanks/Content/Assets/Materials/Functions/UV/UV_ObjectScalable.uexp" 868
"E:/GameDev/UnrealEngine/TookTank2/ToonTanksProjectSetup_4.25/ToonTanks/Content/Assets/Materials/Base/M_GridBase.uasset" 869
"E:/GameDev/UnrealEngine/TookTank2/ToonTanksProjectSetup_4.25/ToonTanks/Content/Assets/Materials/Base/M_GridBase.uexp" 870
"E:/GameDev/UnrealEngine/TookTank2/ToonTanksProjectSetup_4.25/ToonTanks/Content/Assets/Materials/Base/M_Grid_Inst.uasset" 871
"E:/GameDev/UnrealEngine/TookTank2/ToonTanksProjectSetup_4.25/ToonTanks/Content/Assets/Materials/Base/M_Grid_Inst.uexp" 872
"E:/GameDev/UnrealEngine/TookTank2/ToonTanksProjectSetup_4.25/ToonTanks/Content/Maps/Main.uexp" 873
"E:/GameDev/UnrealEngine/TookTank2/ToonTanksProjectSetup_4.25/ToonTanks/Content/Maps/Main.umap" 874
"../../../Engine/Content/Maps/Entry_BuiltData.uasset" 875
"../../../Engine/Content/Maps/Entry_BuiltData.uexp" 876
"../../../Engine/Content/Maps/Entry.uexp" 877
"../../../Engine/Content/Maps/Entry.umap" 878
